Using pre-set license

 COMMAND LINE ARGUMENTS:
/Applications/Unity/Hub/Editor/2020.2.1f1/Unity.app/Contents/MacOS/Unity
-adb2
-batchMode
-noUpm
-name
AssetImportWorker0
-projectPath
/Users/jhw/Desktop/repository/ParryingSword
-logFile
Logs/AssetImportWorker0.log
-srvPort
50483
Successfully changed project path to: /Users/jhw/Desktop/repository/ParryingSword
/Users/jhw/Desktop/repository/ParryingSword
Using Asset Import Pipeline V2.
Refreshing native plugins compatible for Editor in 41.40 ms, found 2 plugins.
Preloading 0 native plugins for Editor in 0.00 ms.
Initialize engine version: 2020.2.1f1 (270dd8c3da1c)
[Subsystems] Discovering subsystems at path /Applications/Unity/Hub/Editor/2020.2.1f1/Unity.app/Contents/Resources/UnitySubsystems
[Subsystems] Discovering subsystems at path /Users/jhw/Desktop/repository/ParryingSword/Assets
GfxDevice: creating device client; threaded=0
2023-06-28 12:55:50.470 Unity[1707:69603] Color LCD preferred device: AMD Radeon Pro 5300M (high power)
2023-06-28 12:55:50.470 Unity[1707:69603] Metal devices available: 2
2023-06-28 12:55:50.470 Unity[1707:69603] 0: AMD Radeon Pro 5300M (high power)
2023-06-28 12:55:50.470 Unity[1707:69603] 1: Intel(R) UHD Graphics 630 (low power)
2023-06-28 12:55:50.470 Unity[1707:69603] Using device AMD Radeon Pro 5300M (high power)
Initializing Metal device caps: AMD Radeon Pro 5300M
Initialize mono
Mono path[0] = '/Applications/Unity/Hub/Editor/2020.2.1f1/Unity.app/Contents/Managed'
Mono path[1] = '/Applications/Unity/Hub/Editor/2020.2.1f1/Unity.app/Contents/MonoBleedingEdge/lib/mono/unityjit'
Mono config path = '/Applications/Unity/Hub/Editor/2020.2.1f1/Unity.app/Contents/MonoBleedingEdge/etc'
Using monoOptions --debugger-agent=transport=dt_socket,embedding=1,server=y,suspend=n,address=127.0.0.1:56707
Begin MonoManager ReloadAssembly
Registering precompiled unity dll's ...
Register platform support module: /Applications/Unity/Hub/Editor/2020.2.1f1/Unity.app/Contents/PlaybackEngines/MacStandaloneSupport/UnityEditor.OSXStandalone.Extensions.dll
Registered in 0.000400 seconds.
Native extension for OSXStandalone target not found
Refreshing native plugins compatible for Editor in 36.73 ms, found 2 plugins.
Preloading 0 native plugins for Editor in 0.00 ms.
Invoked RoslynAnalysisRunner static constructor.
RoslynAnalysisRunner will not be running.
RoslynAnalysisRunner has terminated.
Mono: successfully reloaded assembly
- Completed reload, in  2.222 seconds
Platform modules already initialized, skipping
Registering precompiled user dll's ...
Registered in 0.000469 seconds.
Begin MonoManager ReloadAssembly
Native extension for OSXStandalone target not found
Refreshing native plugins compatible for Editor in 34.36 ms, found 2 plugins.
Preloading 0 native plugins for Editor in 0.00 ms.
Invoked RoslynAnalysisRunner static constructor.
RoslynAnalysisRunner will not be running.
RoslynAnalysisRunner has terminated.
Mono: successfully reloaded assembly
- Completed reload, in  0.913 seconds
Platform modules already initialized, skipping
========================================================================
Worker process is ready to serve import requests
Launching external process: /Applications/Unity/Hub/Editor/2020.2.1f1/Unity.app/Contents/Tools/UnityShaderCompiler
Launched and connected shader compiler UnityShaderCompiler after 0.02 seconds
Refreshing native plugins compatible for Editor in 0.39 ms, found 2 plugins.
Preloading 0 native plugins for Editor in 0.00 ms.
Unloading 1833 Unused Serialized files (Serialized files now loaded: 0)
System memory in use before: 154.0 MB.
System memory in use after: 154.0 MB.

Unloading 23 unused Assets to reduce memory usage. Loaded Objects now: 2284.
Total: 2.166489 ms (FindLiveObjects: 0.203557 ms CreateObjectMapping: 0.076344 ms MarkObjects: 1.718276 ms  DeleteObjects: 0.167294 ms)

========================================================================
Received Import Request.
  path: Assets/Prefabs/Map/Volcano/Special/MapPiece_Volcano_Start.prefab
  artifactKey: Guid(01dccb1cc7d244808adb4815dc91aacb) Importer(815301076,1909f56bfc062723c751e8b465ee728b)
Start importing Assets/Prefabs/Map/Volcano/Special/MapPiece_Volcano_Start.prefab using Guid(01dccb1cc7d244808adb4815dc91aacb) Importer(815301076,1909f56bfc062723c751e8b465ee728b)  -> (artifact id: 'd95c09e4df54419e7a3a4b2ca58702c2') in 0.269209 seconds
  Import took 0.273464 seconds .

========================================================================
Received Import Request.
  Time since last request: 320.779078 seconds.
  path: Assets/Prefabs/Map/Volcano/Special/MapPiece_Volcano_End.prefab
  artifactKey: Guid(0c4ae768b229c4330bd794da147dd066) Importer(815301076,1909f56bfc062723c751e8b465ee728b)
Start importing Assets/Prefabs/Map/Volcano/Special/MapPiece_Volcano_End.prefab using Guid(0c4ae768b229c4330bd794da147dd066) Importer(815301076,1909f56bfc062723c751e8b465ee728b)  -> (artifact id: '91540d855aeec1091ef78ea4075994a7') in 0.049459 seconds
  Import took 0.053988 seconds .

========================================================================
Received Import Request.
  Time since last request: 3.770277 seconds.
  path: Assets/Scenes/Volcano.unity
  artifactKey: Guid(cf8a08dcacd9f4208aa9a2d7978852c8) Importer(815301076,1909f56bfc062723c751e8b465ee728b)
Start importing Assets/Scenes/Volcano.unity using Guid(cf8a08dcacd9f4208aa9a2d7978852c8) Importer(815301076,1909f56bfc062723c751e8b465ee728b)  -> (artifact id: 'f5729d87ca2e5d94f1c65d8fe52dff3c') in 0.001615 seconds
  Import took 0.004622 seconds .

========================================================================
Received Import Request.
  Time since last request: 142.430870 seconds.
  path: Assets/Scripts/Character/Player/PlayerController.cs
  artifactKey: Guid(4637bc18a4fb145d58b6f9e8cddaefd8) Importer(815301076,1909f56bfc062723c751e8b465ee728b)
Start importing Assets/Scripts/Character/Player/PlayerController.cs using Guid(4637bc18a4fb145d58b6f9e8cddaefd8) Importer(815301076,1909f56bfc062723c751e8b465ee728b)  -> (artifact id: 'b44948c07223b8081a72e96aa34d8352') in 0.214846 seconds
  Import took 0.217908 seconds .

========================================================================
Received Prepare
Registering precompiled user dll's ...
Registered in 0.000629 seconds.
Begin MonoManager ReloadAssembly
Native extension for OSXStandalone target not found
Refreshing native plugins compatible for Editor in 0.38 ms, found 2 plugins.
Preloading 0 native plugins for Editor in 0.00 ms.
Invoked RoslynAnalysisRunner static constructor.
RoslynAnalysisRunner will not be running.
RoslynAnalysisRunner has terminated.
Mono: successfully reloaded assembly
- Completed reload, in  0.844 seconds
Platform modules already initialized, skipping
Refreshing native plugins compatible for Editor in 0.33 ms, found 2 plugins.
Preloading 0 native plugins for Editor in 0.00 ms.
Unloading 1828 Unused Serialized files (Serialized files now loaded: 0)
System memory in use before: 309.6 MB.
System memory in use after: 309.6 MB.

Unloading 14 unused Assets to reduce memory usage. Loaded Objects now: 2294.
Total: 1.796137 ms (FindLiveObjects: 0.246365 ms CreateObjectMapping: 0.079747 ms MarkObjects: 1.375667 ms  DeleteObjects: 0.093637 ms)

========================================================================
Received Prepare
Registering precompiled user dll's ...
Registered in 0.000636 seconds.
Begin MonoManager ReloadAssembly
Native extension for OSXStandalone target not found
Refreshing native plugins compatible for Editor in 0.33 ms, found 2 plugins.
Preloading 0 native plugins for Editor in 0.00 ms.
Invoked RoslynAnalysisRunner static constructor.
RoslynAnalysisRunner will not be running.
RoslynAnalysisRunner has terminated.
Mono: successfully reloaded assembly
- Completed reload, in  0.810 seconds
Platform modules already initialized, skipping
Refreshing native plugins compatible for Editor in 0.33 ms, found 2 plugins.
Preloading 0 native plugins for Editor in 0.00 ms.
Unloading 1828 Unused Serialized files (Serialized files now loaded: 0)
System memory in use before: 311.6 MB.
System memory in use after: 311.6 MB.

Unloading 12 unused Assets to reduce memory usage. Loaded Objects now: 2297.
Total: 1.940730 ms (FindLiveObjects: 0.185945 ms CreateObjectMapping: 0.053768 ms MarkObjects: 1.609608 ms  DeleteObjects: 0.090532 ms)

========================================================================
Received Prepare
Registering precompiled user dll's ...
Registered in 0.000596 seconds.
Begin MonoManager ReloadAssembly
Native extension for OSXStandalone target not found
Refreshing native plugins compatible for Editor in 0.34 ms, found 2 plugins.
Preloading 0 native plugins for Editor in 0.00 ms.
Invoked RoslynAnalysisRunner static constructor.
RoslynAnalysisRunner will not be running.
RoslynAnalysisRunner has terminated.
Mono: successfully reloaded assembly
- Completed reload, in  0.800 seconds
Platform modules already initialized, skipping
Refreshing native plugins compatible for Editor in 0.34 ms, found 2 plugins.
Preloading 0 native plugins for Editor in 0.00 ms.
Unloading 1828 Unused Serialized files (Serialized files now loaded: 0)
System memory in use before: 312.5 MB.
System memory in use after: 312.6 MB.

Unloading 12 unused Assets to reduce memory usage. Loaded Objects now: 2300.
Total: 1.927481 ms (FindLiveObjects: 0.207889 ms CreateObjectMapping: 0.053585 ms MarkObjects: 1.574424 ms  DeleteObjects: 0.090727 ms)

========================================================================
Received Prepare
Registering precompiled user dll's ...
Registered in 0.000659 seconds.
Begin MonoManager ReloadAssembly
Native extension for OSXStandalone target not found
Refreshing native plugins compatible for Editor in 0.33 ms, found 2 plugins.
Preloading 0 native plugins for Editor in 0.00 ms.
Invoked RoslynAnalysisRunner static constructor.
RoslynAnalysisRunner will not be running.
RoslynAnalysisRunner has terminated.
Mono: successfully reloaded assembly
- Completed reload, in  0.817 seconds
Platform modules already initialized, skipping
Refreshing native plugins compatible for Editor in 0.33 ms, found 2 plugins.
Preloading 0 native plugins for Editor in 0.00 ms.
Unloading 1828 Unused Serialized files (Serialized files now loaded: 0)
System memory in use before: 313.7 MB.
System memory in use after: 313.7 MB.

Unloading 12 unused Assets to reduce memory usage. Loaded Objects now: 2303.
Total: 2.143442 ms (FindLiveObjects: 0.221112 ms CreateObjectMapping: 0.077396 ms MarkObjects: 1.728212 ms  DeleteObjects: 0.115063 ms)

========================================================================
Received Import Request.
  Time since last request: 200.422805 seconds.
  path: Assets/Prefabs/Map/Volcano/Special/MapPiece_Volcano_Start.prefab
  artifactKey: Guid(01dccb1cc7d244808adb4815dc91aacb) Importer(815301076,1909f56bfc062723c751e8b465ee728b)
Start importing Assets/Prefabs/Map/Volcano/Special/MapPiece_Volcano_Start.prefab using Guid(01dccb1cc7d244808adb4815dc91aacb) Importer(815301076,1909f56bfc062723c751e8b465ee728b)  -> (artifact id: '21dffbb921d9252d5a8d4802bd739e0f') in 0.081670 seconds
  Import took 0.086263 seconds .

========================================================================
Received Import Request.
  Time since last request: 3.068353 seconds.
  path: Assets/Prefabs/Map/Volcano/Special/MapPiece_Volcano_Start.prefab
  artifactKey: Guid(01dccb1cc7d244808adb4815dc91aacb) Importer(815301076,1909f56bfc062723c751e8b465ee728b)
Start importing Assets/Prefabs/Map/Volcano/Special/MapPiece_Volcano_Start.prefab using Guid(01dccb1cc7d244808adb4815dc91aacb) Importer(815301076,1909f56bfc062723c751e8b465ee728b)  -> (artifact id: '2615d1f9892d77614941b93d0b98558d') in 0.032602 seconds
  Import took 0.036305 seconds .

========================================================================
Received Import Request.
  Time since last request: 13.737346 seconds.
  path: Assets/Prefabs/Map/Volcano/Special/MapPiece_Volcano_Start.prefab
  artifactKey: Guid(01dccb1cc7d244808adb4815dc91aacb) Importer(815301076,1909f56bfc062723c751e8b465ee728b)
Start importing Assets/Prefabs/Map/Volcano/Special/MapPiece_Volcano_Start.prefab using Guid(01dccb1cc7d244808adb4815dc91aacb) Importer(815301076,1909f56bfc062723c751e8b465ee728b)  -> (artifact id: 'd06e05cb735e75be695cd3300c375d66') in 0.026433 seconds
  Import took 0.030704 seconds .

========================================================================
Received Import Request.
  Time since last request: 2.200039 seconds.
  path: Assets/Prefabs/Map/Volcano/Special/MapPiece_Volcano_Start.prefab
  artifactKey: Guid(01dccb1cc7d244808adb4815dc91aacb) Importer(815301076,1909f56bfc062723c751e8b465ee728b)
Start importing Assets/Prefabs/Map/Volcano/Special/MapPiece_Volcano_Start.prefab using Guid(01dccb1cc7d244808adb4815dc91aacb) Importer(815301076,1909f56bfc062723c751e8b465ee728b)  -> (artifact id: 'd525af5ae59ca73f73c1f58cddf215bb') in 0.028387 seconds
  Import took 0.032585 seconds .

========================================================================
Received Import Request.
  Time since last request: 52.904162 seconds.
  path: Assets/Prefabs/Map/Volcano/Special/MapPiece_Volcano_Start.prefab
  artifactKey: Guid(01dccb1cc7d244808adb4815dc91aacb) Importer(815301076,1909f56bfc062723c751e8b465ee728b)
Start importing Assets/Prefabs/Map/Volcano/Special/MapPiece_Volcano_Start.prefab using Guid(01dccb1cc7d244808adb4815dc91aacb) Importer(815301076,1909f56bfc062723c751e8b465ee728b)  -> (artifact id: '9ab6613b12b296c8be7eb7636749fba6') in 0.025946 seconds
  Import took 0.029667 seconds .

========================================================================
Received Import Request.
  Time since last request: 12.439144 seconds.
  path: Assets/Prefabs/Map/Volcano/D/MapPiece_Volcano_D1.prefab
  artifactKey: Guid(d81ba732485e64e6c87659b3bfcc8da2) Importer(815301076,1909f56bfc062723c751e8b465ee728b)
Start importing Assets/Prefabs/Map/Volcano/D/MapPiece_Volcano_D1.prefab using Guid(d81ba732485e64e6c87659b3bfcc8da2) Importer(815301076,1909f56bfc062723c751e8b465ee728b)  -> (artifact id: '6bd6898122589038d9fb7f1817bd002f') in 0.038669 seconds
  Import took 0.042707 seconds .

========================================================================
Received Import Request.
  Time since last request: 1.769182 seconds.
  path: Assets/Prefabs/Map/Volcano/D/MapPiece_Volcano_D1.prefab
  artifactKey: Guid(d81ba732485e64e6c87659b3bfcc8da2) Importer(815301076,1909f56bfc062723c751e8b465ee728b)
Start importing Assets/Prefabs/Map/Volcano/D/MapPiece_Volcano_D1.prefab using Guid(d81ba732485e64e6c87659b3bfcc8da2) Importer(815301076,1909f56bfc062723c751e8b465ee728b)  -> (artifact id: 'bebd4d45d559b85321faf9df4c813e94') in 0.029305 seconds
  Import took 0.033459 seconds .

========================================================================
Received Import Request.
  Time since last request: 1.587461 seconds.
  path: Assets/Prefabs/Map/Volcano/D/MapPiece_Volcano_D1.prefab
  artifactKey: Guid(d81ba732485e64e6c87659b3bfcc8da2) Importer(815301076,1909f56bfc062723c751e8b465ee728b)
Start importing Assets/Prefabs/Map/Volcano/D/MapPiece_Volcano_D1.prefab using Guid(d81ba732485e64e6c87659b3bfcc8da2) Importer(815301076,1909f56bfc062723c751e8b465ee728b)  -> (artifact id: 'a7c24e760f6452c57fb658d24e5ade15') in 0.039936 seconds
  Import took 0.043900 seconds .

========================================================================
Received Import Request.
  Time since last request: 1.383155 seconds.
  path: Assets/Prefabs/Map/Volcano/D/MapPiece_Volcano_D1.prefab
  artifactKey: Guid(d81ba732485e64e6c87659b3bfcc8da2) Importer(815301076,1909f56bfc062723c751e8b465ee728b)
Start importing Assets/Prefabs/Map/Volcano/D/MapPiece_Volcano_D1.prefab using Guid(d81ba732485e64e6c87659b3bfcc8da2) Importer(815301076,1909f56bfc062723c751e8b465ee728b)  -> (artifact id: '5ca92c0419a415bb1239fcdfd6cc03d2') in 0.028753 seconds
  Import took 0.032654 seconds .

========================================================================
Received Import Request.
  Time since last request: 1.583566 seconds.
  path: Assets/Prefabs/Map/Volcano/D/MapPiece_Volcano_D1.prefab
  artifactKey: Guid(d81ba732485e64e6c87659b3bfcc8da2) Importer(815301076,1909f56bfc062723c751e8b465ee728b)
Start importing Assets/Prefabs/Map/Volcano/D/MapPiece_Volcano_D1.prefab using Guid(d81ba732485e64e6c87659b3bfcc8da2) Importer(815301076,1909f56bfc062723c751e8b465ee728b)  -> (artifact id: '862e82c8d62b0fdacbd351e6e61690c9') in 0.029213 seconds
  Import took 0.033221 seconds .

========================================================================
Received Import Request.
  Time since last request: 10.888606 seconds.
  path: Assets/Prefabs/Map/Volcano/L/MapPiece_Volcano_L1.prefab
  artifactKey: Guid(b6d5fb8f8ca804f98807298b891fb826) Importer(815301076,1909f56bfc062723c751e8b465ee728b)
Start importing Assets/Prefabs/Map/Volcano/L/MapPiece_Volcano_L1.prefab using Guid(b6d5fb8f8ca804f98807298b891fb826) Importer(815301076,1909f56bfc062723c751e8b465ee728b)  -> (artifact id: 'c23d69952edc17ca4516d5f7216feeb4') in 0.033876 seconds
  Import took 0.038134 seconds .

========================================================================
Received Import Request.
  Time since last request: 1.327285 seconds.
  path: Assets/Prefabs/Map/Volcano/L/MapPiece_Volcano_L1.prefab
  artifactKey: Guid(b6d5fb8f8ca804f98807298b891fb826) Importer(815301076,1909f56bfc062723c751e8b465ee728b)
Start importing Assets/Prefabs/Map/Volcano/L/MapPiece_Volcano_L1.prefab using Guid(b6d5fb8f8ca804f98807298b891fb826) Importer(815301076,1909f56bfc062723c751e8b465ee728b)  -> (artifact id: '009a3af72192e5d787dd7254e276224d') in 0.030719 seconds
  Import took 0.034804 seconds .

========================================================================
Received Import Request.
  Time since last request: 1.311636 seconds.
  path: Assets/Prefabs/Map/Volcano/L/MapPiece_Volcano_L1.prefab
  artifactKey: Guid(b6d5fb8f8ca804f98807298b891fb826) Importer(815301076,1909f56bfc062723c751e8b465ee728b)
Start importing Assets/Prefabs/Map/Volcano/L/MapPiece_Volcano_L1.prefab using Guid(b6d5fb8f8ca804f98807298b891fb826) Importer(815301076,1909f56bfc062723c751e8b465ee728b)  -> (artifact id: 'd396c1eca0fe9244711e683eede6c096') in 0.029833 seconds
  Import took 0.034388 seconds .

========================================================================
Received Import Request.
  Time since last request: 1.735370 seconds.
  path: Assets/Prefabs/Map/Volcano/L/MapPiece_Volcano_L1.prefab
  artifactKey: Guid(b6d5fb8f8ca804f98807298b891fb826) Importer(815301076,1909f56bfc062723c751e8b465ee728b)
Start importing Assets/Prefabs/Map/Volcano/L/MapPiece_Volcano_L1.prefab using Guid(b6d5fb8f8ca804f98807298b891fb826) Importer(815301076,1909f56bfc062723c751e8b465ee728b)  -> (artifact id: '7f6b5239f81d5d38454a7275ab5db3b4') in 0.030776 seconds
  Import took 0.034838 seconds .

========================================================================
Received Import Request.
  Time since last request: 2.194817 seconds.
  path: Assets/Prefabs/Map/Volcano/L/MapPiece_Volcano_L1.prefab
  artifactKey: Guid(b6d5fb8f8ca804f98807298b891fb826) Importer(815301076,1909f56bfc062723c751e8b465ee728b)
Start importing Assets/Prefabs/Map/Volcano/L/MapPiece_Volcano_L1.prefab using Guid(b6d5fb8f8ca804f98807298b891fb826) Importer(815301076,1909f56bfc062723c751e8b465ee728b)  -> (artifact id: 'e2e9eb7f7841ce44f5e3f07b5e97efd2') in 0.030224 seconds
  Import took 0.034222 seconds .

========================================================================
Received Import Request.
  Time since last request: 6.940334 seconds.
  path: Assets/Prefabs/Map/Volcano/L/MapPiece_Volcano_L2.prefab
  artifactKey: Guid(0ae263dabf8bd4644a862c8cba9c5f08) Importer(815301076,1909f56bfc062723c751e8b465ee728b)
Start importing Assets/Prefabs/Map/Volcano/L/MapPiece_Volcano_L2.prefab using Guid(0ae263dabf8bd4644a862c8cba9c5f08) Importer(815301076,1909f56bfc062723c751e8b465ee728b)  -> (artifact id: 'f83ad171ec93df93983853998fe2b05c') in 0.036502 seconds
  Import took 0.041453 seconds .

========================================================================
Received Import Request.
  Time since last request: 1.518547 seconds.
  path: Assets/Prefabs/Map/Volcano/L/MapPiece_Volcano_L2.prefab
  artifactKey: Guid(0ae263dabf8bd4644a862c8cba9c5f08) Importer(815301076,1909f56bfc062723c751e8b465ee728b)
Start importing Assets/Prefabs/Map/Volcano/L/MapPiece_Volcano_L2.prefab using Guid(0ae263dabf8bd4644a862c8cba9c5f08) Importer(815301076,1909f56bfc062723c751e8b465ee728b)  -> (artifact id: 'e6428e23afa039b20b961508e3ad3cd0') in 0.028411 seconds
  Import took 0.032497 seconds .

========================================================================
Received Import Request.
  Time since last request: 1.578118 seconds.
  path: Assets/Prefabs/Map/Volcano/L/MapPiece_Volcano_L2.prefab
  artifactKey: Guid(0ae263dabf8bd4644a862c8cba9c5f08) Importer(815301076,1909f56bfc062723c751e8b465ee728b)
Start importing Assets/Prefabs/Map/Volcano/L/MapPiece_Volcano_L2.prefab using Guid(0ae263dabf8bd4644a862c8cba9c5f08) Importer(815301076,1909f56bfc062723c751e8b465ee728b)  -> (artifact id: 'd8db3953fef3c7ecc5c5624f0c678e37') in 0.032919 seconds
  Import took 0.036783 seconds .

========================================================================
Received Import Request.
  Time since last request: 2.184153 seconds.
  path: Assets/Prefabs/Map/Volcano/L/MapPiece_Volcano_L2.prefab
  artifactKey: Guid(0ae263dabf8bd4644a862c8cba9c5f08) Importer(815301076,1909f56bfc062723c751e8b465ee728b)
Start importing Assets/Prefabs/Map/Volcano/L/MapPiece_Volcano_L2.prefab using Guid(0ae263dabf8bd4644a862c8cba9c5f08) Importer(815301076,1909f56bfc062723c751e8b465ee728b)  -> (artifact id: '4fbd36f47b5afddc50401a166daf8af4') in 0.029826 seconds
  Import took 0.033562 seconds .

========================================================================
Received Import Request.
  Time since last request: 1.772351 seconds.
  path: Assets/Prefabs/Map/Volcano/L/MapPiece_Volcano_L2.prefab
  artifactKey: Guid(0ae263dabf8bd4644a862c8cba9c5f08) Importer(815301076,1909f56bfc062723c751e8b465ee728b)
Start importing Assets/Prefabs/Map/Volcano/L/MapPiece_Volcano_L2.prefab using Guid(0ae263dabf8bd4644a862c8cba9c5f08) Importer(815301076,1909f56bfc062723c751e8b465ee728b)  -> (artifact id: 'ea5912e3180a93d9bcc0aff93b0f18c0') in 0.038808 seconds
  Import took 0.042574 seconds .

========================================================================
Received Import Request.
  Time since last request: 10.114352 seconds.
  path: Assets/Prefabs/Map/Volcano/L/MapPiece_Volcano_L3.prefab
  artifactKey: Guid(d47f939d5973946e49fb7af6058e0c38) Importer(815301076,1909f56bfc062723c751e8b465ee728b)
Start importing Assets/Prefabs/Map/Volcano/L/MapPiece_Volcano_L3.prefab using Guid(d47f939d5973946e49fb7af6058e0c38) Importer(815301076,1909f56bfc062723c751e8b465ee728b)  -> (artifact id: '4b914bf7ce40a0ae82b31a440c7d9aa2') in 0.032337 seconds
  Import took 0.036731 seconds .

========================================================================
Received Import Request.
  Time since last request: 1.527485 seconds.
  path: Assets/Prefabs/Map/Volcano/L/MapPiece_Volcano_L3.prefab
  artifactKey: Guid(d47f939d5973946e49fb7af6058e0c38) Importer(815301076,1909f56bfc062723c751e8b465ee728b)
Start importing Assets/Prefabs/Map/Volcano/L/MapPiece_Volcano_L3.prefab using Guid(d47f939d5973946e49fb7af6058e0c38) Importer(815301076,1909f56bfc062723c751e8b465ee728b)  -> (artifact id: '208e4c2d01677bdabe8d04ae15933773') in 0.034833 seconds
  Import took 0.039002 seconds .

========================================================================
Received Import Request.
  Time since last request: 1.104055 seconds.
  path: Assets/Prefabs/Map/Volcano/L/MapPiece_Volcano_L3.prefab
  artifactKey: Guid(d47f939d5973946e49fb7af6058e0c38) Importer(815301076,1909f56bfc062723c751e8b465ee728b)
Start importing Assets/Prefabs/Map/Volcano/L/MapPiece_Volcano_L3.prefab using Guid(d47f939d5973946e49fb7af6058e0c38) Importer(815301076,1909f56bfc062723c751e8b465ee728b)  -> (artifact id: '151bdb4b49a978fd0a102f11b9d94d3a') in 0.034596 seconds
  Import took 0.039114 seconds .

========================================================================
Received Import Request.
  Time since last request: 2.434306 seconds.
  path: Assets/Prefabs/Map/Volcano/L/MapPiece_Volcano_L3.prefab
  artifactKey: Guid(d47f939d5973946e49fb7af6058e0c38) Importer(815301076,1909f56bfc062723c751e8b465ee728b)
Start importing Assets/Prefabs/Map/Volcano/L/MapPiece_Volcano_L3.prefab using Guid(d47f939d5973946e49fb7af6058e0c38) Importer(815301076,1909f56bfc062723c751e8b465ee728b)  -> (artifact id: '32a57f62de4f6b6760587cf8058ebbbc') in 0.034554 seconds
  Import took 0.039190 seconds .

========================================================================
Received Import Request.
  Time since last request: 10.844587 seconds.
  path: Assets/Prefabs/Map/Volcano/LD/MapPiece_Volcano_LD1.prefab
  artifactKey: Guid(cbb2632c0b91c4355a0638322873e393) Importer(815301076,1909f56bfc062723c751e8b465ee728b)
Start importing Assets/Prefabs/Map/Volcano/LD/MapPiece_Volcano_LD1.prefab using Guid(cbb2632c0b91c4355a0638322873e393) Importer(815301076,1909f56bfc062723c751e8b465ee728b)  -> (artifact id: '1071b7fbc2a80bfa124d91470e70b5aa') in 0.029100 seconds
  Import took 0.032796 seconds .

========================================================================
Received Import Request.
  Time since last request: 1.768899 seconds.
  path: Assets/Prefabs/Map/Volcano/LD/MapPiece_Volcano_LD1.prefab
  artifactKey: Guid(cbb2632c0b91c4355a0638322873e393) Importer(815301076,1909f56bfc062723c751e8b465ee728b)
Start importing Assets/Prefabs/Map/Volcano/LD/MapPiece_Volcano_LD1.prefab using Guid(cbb2632c0b91c4355a0638322873e393) Importer(815301076,1909f56bfc062723c751e8b465ee728b)  -> (artifact id: 'ae71aa3e90c65ab96145e833599c445a') in 0.032801 seconds
  Import took 0.036611 seconds .

========================================================================
Received Import Request.
  Time since last request: 1.541375 seconds.
  path: Assets/Prefabs/Map/Volcano/LD/MapPiece_Volcano_LD1.prefab
  artifactKey: Guid(cbb2632c0b91c4355a0638322873e393) Importer(815301076,1909f56bfc062723c751e8b465ee728b)
Start importing Assets/Prefabs/Map/Volcano/LD/MapPiece_Volcano_LD1.prefab using Guid(cbb2632c0b91c4355a0638322873e393) Importer(815301076,1909f56bfc062723c751e8b465ee728b)  -> (artifact id: '176859272877b7837d2615ef989d63b1') in 0.037306 seconds
  Import took 0.041221 seconds .

========================================================================
Received Import Request.
  Time since last request: 1.578117 seconds.
  path: Assets/Prefabs/Map/Volcano/LD/MapPiece_Volcano_LD1.prefab
  artifactKey: Guid(cbb2632c0b91c4355a0638322873e393) Importer(815301076,1909f56bfc062723c751e8b465ee728b)
Start importing Assets/Prefabs/Map/Volcano/LD/MapPiece_Volcano_LD1.prefab using Guid(cbb2632c0b91c4355a0638322873e393) Importer(815301076,1909f56bfc062723c751e8b465ee728b)  -> (artifact id: '58482ee372ff3337ff8a5b3f553b76e0') in 0.034344 seconds
  Import took 0.038101 seconds .

========================================================================
Received Import Request.
  Time since last request: 1.087207 seconds.
  path: Assets/Prefabs/Map/Volcano/LD/MapPiece_Volcano_LD1.prefab
  artifactKey: Guid(cbb2632c0b91c4355a0638322873e393) Importer(815301076,1909f56bfc062723c751e8b465ee728b)
Start importing Assets/Prefabs/Map/Volcano/LD/MapPiece_Volcano_LD1.prefab using Guid(cbb2632c0b91c4355a0638322873e393) Importer(815301076,1909f56bfc062723c751e8b465ee728b)  -> (artifact id: '8fdbe8a5924db784e68218171d24bbd6') in 0.027502 seconds
  Import took 0.031222 seconds .

========================================================================
Received Import Request.
  Time since last request: 1.579506 seconds.
  path: Assets/Prefabs/Map/Volcano/LD/MapPiece_Volcano_LD1.prefab
  artifactKey: Guid(cbb2632c0b91c4355a0638322873e393) Importer(815301076,1909f56bfc062723c751e8b465ee728b)
Start importing Assets/Prefabs/Map/Volcano/LD/MapPiece_Volcano_LD1.prefab using Guid(cbb2632c0b91c4355a0638322873e393) Importer(815301076,1909f56bfc062723c751e8b465ee728b)  -> (artifact id: 'ae5e7fdca0cd6a74a2f845458ae94237') in 0.032360 seconds
  Import took 0.036223 seconds .

========================================================================
Received Import Request.
  Time since last request: 10.415984 seconds.
  path: Assets/Prefabs/Map/Volcano/LD/MapPiece_Volcano_LD2.prefab
  artifactKey: Guid(81b21794d6b204e09ab6d2cf66fc4f75) Importer(815301076,1909f56bfc062723c751e8b465ee728b)
Start importing Assets/Prefabs/Map/Volcano/LD/MapPiece_Volcano_LD2.prefab using Guid(81b21794d6b204e09ab6d2cf66fc4f75) Importer(815301076,1909f56bfc062723c751e8b465ee728b)  -> (artifact id: 'c84b6973c5389617f722097ff7e442cd') in 0.032405 seconds
  Import took 0.036103 seconds .

========================================================================
Received Import Request.
  Time since last request: 1.558349 seconds.
  path: Assets/Prefabs/Map/Volcano/LD/MapPiece_Volcano_LD2.prefab
  artifactKey: Guid(81b21794d6b204e09ab6d2cf66fc4f75) Importer(815301076,1909f56bfc062723c751e8b465ee728b)
Start importing Assets/Prefabs/Map/Volcano/LD/MapPiece_Volcano_LD2.prefab using Guid(81b21794d6b204e09ab6d2cf66fc4f75) Importer(815301076,1909f56bfc062723c751e8b465ee728b)  -> (artifact id: 'aa20aeda602175a6158480da4a7dbe2e') in 0.027417 seconds
  Import took 0.031181 seconds .

========================================================================
Received Import Request.
  Time since last request: 1.162795 seconds.
  path: Assets/Prefabs/Map/Volcano/LD/MapPiece_Volcano_LD2.prefab
  artifactKey: Guid(81b21794d6b204e09ab6d2cf66fc4f75) Importer(815301076,1909f56bfc062723c751e8b465ee728b)
Start importing Assets/Prefabs/Map/Volcano/LD/MapPiece_Volcano_LD2.prefab using Guid(81b21794d6b204e09ab6d2cf66fc4f75) Importer(815301076,1909f56bfc062723c751e8b465ee728b)  -> (artifact id: '023b91dc1eefaaadc5f2647d116689af') in 0.026905 seconds
  Import took 0.030760 seconds .

========================================================================
Received Import Request.
  Time since last request: 1.973901 seconds.
  path: Assets/Prefabs/Map/Volcano/LD/MapPiece_Volcano_LD2.prefab
  artifactKey: Guid(81b21794d6b204e09ab6d2cf66fc4f75) Importer(815301076,1909f56bfc062723c751e8b465ee728b)
Start importing Assets/Prefabs/Map/Volcano/LD/MapPiece_Volcano_LD2.prefab using Guid(81b21794d6b204e09ab6d2cf66fc4f75) Importer(815301076,1909f56bfc062723c751e8b465ee728b)  -> (artifact id: '727fc881e05996605539f8c43822c9a5') in 0.036326 seconds
  Import took 0.040308 seconds .

========================================================================
Received Import Request.
  Time since last request: 1.509225 seconds.
  path: Assets/Prefabs/Map/Volcano/LD/MapPiece_Volcano_LD2.prefab
  artifactKey: Guid(81b21794d6b204e09ab6d2cf66fc4f75) Importer(815301076,1909f56bfc062723c751e8b465ee728b)
Start importing Assets/Prefabs/Map/Volcano/LD/MapPiece_Volcano_LD2.prefab using Guid(81b21794d6b204e09ab6d2cf66fc4f75) Importer(815301076,1909f56bfc062723c751e8b465ee728b)  -> (artifact id: '0eafbff8831c4daa1b00aed7a25bf896') in 0.036004 seconds
  Import took 0.039987 seconds .

========================================================================
Received Import Request.
  Time since last request: 9.200608 seconds.
  path: Assets/Prefabs/Map/Volcano/LD/MapPiece_Volcano_LD3.prefab
  artifactKey: Guid(214d7fe3812d14aea98307a0099dcf3a) Importer(815301076,1909f56bfc062723c751e8b465ee728b)
Start importing Assets/Prefabs/Map/Volcano/LD/MapPiece_Volcano_LD3.prefab using Guid(214d7fe3812d14aea98307a0099dcf3a) Importer(815301076,1909f56bfc062723c751e8b465ee728b)  -> (artifact id: '5c1760e354373af8e9d4f2407d70e988') in 0.029812 seconds
  Import took 0.033547 seconds .

========================================================================
Received Import Request.
  Time since last request: 1.754702 seconds.
  path: Assets/Prefabs/Map/Volcano/LD/MapPiece_Volcano_LD3.prefab
  artifactKey: Guid(214d7fe3812d14aea98307a0099dcf3a) Importer(815301076,1909f56bfc062723c751e8b465ee728b)
Start importing Assets/Prefabs/Map/Volcano/LD/MapPiece_Volcano_LD3.prefab using Guid(214d7fe3812d14aea98307a0099dcf3a) Importer(815301076,1909f56bfc062723c751e8b465ee728b)  -> (artifact id: '37c8b09caa7c12fbcb83fb3cf34c3bec') in 0.033628 seconds
  Import took 0.038342 seconds .

========================================================================
Received Import Request.
  Time since last request: 1.114568 seconds.
  path: Assets/Prefabs/Map/Volcano/LD/MapPiece_Volcano_LD3.prefab
  artifactKey: Guid(214d7fe3812d14aea98307a0099dcf3a) Importer(815301076,1909f56bfc062723c751e8b465ee728b)
Start importing Assets/Prefabs/Map/Volcano/LD/MapPiece_Volcano_LD3.prefab using Guid(214d7fe3812d14aea98307a0099dcf3a) Importer(815301076,1909f56bfc062723c751e8b465ee728b)  -> (artifact id: '40670a252bc99f06effa90fa9d540e87') in 0.038014 seconds
  Import took 0.042008 seconds .

========================================================================
Received Import Request.
  Time since last request: 1.810274 seconds.
  path: Assets/Prefabs/Map/Volcano/LD/MapPiece_Volcano_LD3.prefab
  artifactKey: Guid(214d7fe3812d14aea98307a0099dcf3a) Importer(815301076,1909f56bfc062723c751e8b465ee728b)
Start importing Assets/Prefabs/Map/Volcano/LD/MapPiece_Volcano_LD3.prefab using Guid(214d7fe3812d14aea98307a0099dcf3a) Importer(815301076,1909f56bfc062723c751e8b465ee728b)  -> (artifact id: '26c049462976b83d719c4eba393d7dc3') in 0.036049 seconds
  Import took 0.040079 seconds .

========================================================================
Received Import Request.
  Time since last request: 1.562264 seconds.
  path: Assets/Prefabs/Map/Volcano/LD/MapPiece_Volcano_LD3.prefab
  artifactKey: Guid(214d7fe3812d14aea98307a0099dcf3a) Importer(815301076,1909f56bfc062723c751e8b465ee728b)
Start importing Assets/Prefabs/Map/Volcano/LD/MapPiece_Volcano_LD3.prefab using Guid(214d7fe3812d14aea98307a0099dcf3a) Importer(815301076,1909f56bfc062723c751e8b465ee728b)  -> (artifact id: '911932cc96d49190f562d7a5c0702ca7') in 0.033688 seconds
  Import took 0.037750 seconds .

========================================================================
Received Import Request.
  Time since last request: 9.854563 seconds.
  path: Assets/Prefabs/Map/Volcano/LR/MapPiece_Volcano_LR1.prefab
  artifactKey: Guid(09bd5aecf10ab4fb79fed6689ae093ca) Importer(815301076,1909f56bfc062723c751e8b465ee728b)
Start importing Assets/Prefabs/Map/Volcano/LR/MapPiece_Volcano_LR1.prefab using Guid(09bd5aecf10ab4fb79fed6689ae093ca) Importer(815301076,1909f56bfc062723c751e8b465ee728b)  -> (artifact id: 'c8dd5717b5a8afd1ffca02e7c2353467') in 0.029135 seconds
  Import took 0.033148 seconds .

========================================================================
Received Import Request.
  Time since last request: 1.314683 seconds.
  path: Assets/Prefabs/Map/Volcano/LR/MapPiece_Volcano_LR1.prefab
  artifactKey: Guid(09bd5aecf10ab4fb79fed6689ae093ca) Importer(815301076,1909f56bfc062723c751e8b465ee728b)
Start importing Assets/Prefabs/Map/Volcano/LR/MapPiece_Volcano_LR1.prefab using Guid(09bd5aecf10ab4fb79fed6689ae093ca) Importer(815301076,1909f56bfc062723c751e8b465ee728b)  -> (artifact id: 'ecf8633ae7d0400033d7caa9dc7e7a4a') in 0.028247 seconds
  Import took 0.032145 seconds .

========================================================================
Received Import Request.
  Time since last request: 1.412919 seconds.
  path: Assets/Prefabs/Map/Volcano/LR/MapPiece_Volcano_LR1.prefab
  artifactKey: Guid(09bd5aecf10ab4fb79fed6689ae093ca) Importer(815301076,1909f56bfc062723c751e8b465ee728b)
Start importing Assets/Prefabs/Map/Volcano/LR/MapPiece_Volcano_LR1.prefab using Guid(09bd5aecf10ab4fb79fed6689ae093ca) Importer(815301076,1909f56bfc062723c751e8b465ee728b)  -> (artifact id: 'e3f09fc61508a627829b03db892feec5') in 0.031479 seconds
  Import took 0.035613 seconds .

========================================================================
Received Import Request.
  Time since last request: 1.289839 seconds.
  path: Assets/Prefabs/Map/Volcano/LR/MapPiece_Volcano_LR1.prefab
  artifactKey: Guid(09bd5aecf10ab4fb79fed6689ae093ca) Importer(815301076,1909f56bfc062723c751e8b465ee728b)
Start importing Assets/Prefabs/Map/Volcano/LR/MapPiece_Volcano_LR1.prefab using Guid(09bd5aecf10ab4fb79fed6689ae093ca) Importer(815301076,1909f56bfc062723c751e8b465ee728b)  -> (artifact id: 'ac847bfbf918af4a44617531e3b58387') in 0.038842 seconds
  Import took 0.043356 seconds .

========================================================================
Received Import Request.
  Time since last request: 1.364904 seconds.
  path: Assets/Prefabs/Map/Volcano/LR/MapPiece_Volcano_LR1.prefab
  artifactKey: Guid(09bd5aecf10ab4fb79fed6689ae093ca) Importer(815301076,1909f56bfc062723c751e8b465ee728b)
Start importing Assets/Prefabs/Map/Volcano/LR/MapPiece_Volcano_LR1.prefab using Guid(09bd5aecf10ab4fb79fed6689ae093ca) Importer(815301076,1909f56bfc062723c751e8b465ee728b)  -> (artifact id: '56b12820cd8993d7209f81df5c990e98') in 0.031180 seconds
  Import took 0.035142 seconds .

========================================================================
Received Import Request.
  Time since last request: 9.023445 seconds.
  path: Assets/Prefabs/Map/Volcano/LR/MapPiece_Volcano_LR2.prefab
  artifactKey: Guid(bc70299ffbf584c80913892c3db0e045) Importer(815301076,1909f56bfc062723c751e8b465ee728b)
Start importing Assets/Prefabs/Map/Volcano/LR/MapPiece_Volcano_LR2.prefab using Guid(bc70299ffbf584c80913892c3db0e045) Importer(815301076,1909f56bfc062723c751e8b465ee728b)  -> (artifact id: '3739c551465fdb1fb2d48dddd02a44e1') in 0.038392 seconds
  Import took 0.042330 seconds .

========================================================================
Received Import Request.
  Time since last request: 1.334529 seconds.
  path: Assets/Prefabs/Map/Volcano/LR/MapPiece_Volcano_LR2.prefab
  artifactKey: Guid(bc70299ffbf584c80913892c3db0e045) Importer(815301076,1909f56bfc062723c751e8b465ee728b)
Start importing Assets/Prefabs/Map/Volcano/LR/MapPiece_Volcano_LR2.prefab using Guid(bc70299ffbf584c80913892c3db0e045) Importer(815301076,1909f56bfc062723c751e8b465ee728b)  -> (artifact id: 'cebe93c9e44b2725e5f5aaa574ee6250') in 0.029504 seconds
  Import took 0.033189 seconds .

========================================================================
Received Import Request.
  Time since last request: 1.843811 seconds.
  path: Assets/Prefabs/Map/Volcano/LR/MapPiece_Volcano_LR2.prefab
  artifactKey: Guid(bc70299ffbf584c80913892c3db0e045) Importer(815301076,1909f56bfc062723c751e8b465ee728b)
Start importing Assets/Prefabs/Map/Volcano/LR/MapPiece_Volcano_LR2.prefab using Guid(bc70299ffbf584c80913892c3db0e045) Importer(815301076,1909f56bfc062723c751e8b465ee728b)  -> (artifact id: 'b90f9cafa9c6c885d86ede3e8796d76d') in 0.029002 seconds
  Import took 0.032831 seconds .

========================================================================
Received Import Request.
  Time since last request: 1.567880 seconds.
  path: Assets/Prefabs/Map/Volcano/LR/MapPiece_Volcano_LR2.prefab
  artifactKey: Guid(bc70299ffbf584c80913892c3db0e045) Importer(815301076,1909f56bfc062723c751e8b465ee728b)
Start importing Assets/Prefabs/Map/Volcano/LR/MapPiece_Volcano_LR2.prefab using Guid(bc70299ffbf584c80913892c3db0e045) Importer(815301076,1909f56bfc062723c751e8b465ee728b)  -> (artifact id: 'd15adb0c96088e7ea14282a7d8f075af') in 0.034376 seconds
  Import took 0.038190 seconds .

========================================================================
Received Import Request.
  Time since last request: 1.349962 seconds.
  path: Assets/Prefabs/Map/Volcano/LR/MapPiece_Volcano_LR2.prefab
  artifactKey: Guid(bc70299ffbf584c80913892c3db0e045) Importer(815301076,1909f56bfc062723c751e8b465ee728b)
Start importing Assets/Prefabs/Map/Volcano/LR/MapPiece_Volcano_LR2.prefab using Guid(bc70299ffbf584c80913892c3db0e045) Importer(815301076,1909f56bfc062723c751e8b465ee728b)  -> (artifact id: '4278abf8c32dbf63e61ff95f31ca7aab') in 0.029822 seconds
  Import took 0.033729 seconds .

========================================================================
Received Import Request.
  Time since last request: 14.672031 seconds.
  path: Assets/Prefabs/Map/Volcano/LR/MapPiece_Volcano_LR3.prefab
  artifactKey: Guid(6fa3fba7774374a12b7809cb04abf0d1) Importer(815301076,1909f56bfc062723c751e8b465ee728b)
Start importing Assets/Prefabs/Map/Volcano/LR/MapPiece_Volcano_LR3.prefab using Guid(6fa3fba7774374a12b7809cb04abf0d1) Importer(815301076,1909f56bfc062723c751e8b465ee728b)  -> (artifact id: 'ebc171bdaa930fe99822c9fffa69b2f5') in 0.029102 seconds
  Import took 0.033022 seconds .

========================================================================
Received Import Request.
  Time since last request: 1.562432 seconds.
  path: Assets/Prefabs/Map/Volcano/LR/MapPiece_Volcano_LR3.prefab
  artifactKey: Guid(6fa3fba7774374a12b7809cb04abf0d1) Importer(815301076,1909f56bfc062723c751e8b465ee728b)
Start importing Assets/Prefabs/Map/Volcano/LR/MapPiece_Volcano_LR3.prefab using Guid(6fa3fba7774374a12b7809cb04abf0d1) Importer(815301076,1909f56bfc062723c751e8b465ee728b)  -> (artifact id: 'b8353177774651ce3795cb1641265fd6') in 0.028793 seconds
  Import took 0.033199 seconds .

========================================================================
Received Import Request.
  Time since last request: 0.873916 seconds.
  path: Assets/Prefabs/Map/Volcano/LR/MapPiece_Volcano_LR3.prefab
  artifactKey: Guid(6fa3fba7774374a12b7809cb04abf0d1) Importer(815301076,1909f56bfc062723c751e8b465ee728b)
Start importing Assets/Prefabs/Map/Volcano/LR/MapPiece_Volcano_LR3.prefab using Guid(6fa3fba7774374a12b7809cb04abf0d1) Importer(815301076,1909f56bfc062723c751e8b465ee728b)  -> (artifact id: '7ec3283dd3717ff9c1cbda2bc486e2ad') in 0.036967 seconds
  Import took 0.041129 seconds .

========================================================================
Received Import Request.
  Time since last request: 3.985901 seconds.
  path: Assets/Prefabs/Map/Volcano/LR/MapPiece_Volcano_LR3.prefab
  artifactKey: Guid(6fa3fba7774374a12b7809cb04abf0d1) Importer(815301076,1909f56bfc062723c751e8b465ee728b)
Start importing Assets/Prefabs/Map/Volcano/LR/MapPiece_Volcano_LR3.prefab using Guid(6fa3fba7774374a12b7809cb04abf0d1) Importer(815301076,1909f56bfc062723c751e8b465ee728b)  -> (artifact id: 'd51054771723c26780a02108ef69e683') in 0.028698 seconds
  Import took 0.032606 seconds .

========================================================================
Received Import Request.
  Time since last request: 18.239712 seconds.
  path: Assets/Prefabs/Map/Volcano/LRD/MapPiece_Volcano_LRD1.prefab
  artifactKey: Guid(04ca3998ed54d43a482f57d0a46901da) Importer(815301076,1909f56bfc062723c751e8b465ee728b)
Start importing Assets/Prefabs/Map/Volcano/LRD/MapPiece_Volcano_LRD1.prefab using Guid(04ca3998ed54d43a482f57d0a46901da) Importer(815301076,1909f56bfc062723c751e8b465ee728b)  -> (artifact id: 'f595a39faa714f13d7d99779dedbf952') in 0.024785 seconds
  Import took 0.028515 seconds .

========================================================================
Received Import Request.
  Time since last request: 1.350590 seconds.
  path: Assets/Prefabs/Map/Volcano/LRD/MapPiece_Volcano_LRD1.prefab
  artifactKey: Guid(04ca3998ed54d43a482f57d0a46901da) Importer(815301076,1909f56bfc062723c751e8b465ee728b)
Start importing Assets/Prefabs/Map/Volcano/LRD/MapPiece_Volcano_LRD1.prefab using Guid(04ca3998ed54d43a482f57d0a46901da) Importer(815301076,1909f56bfc062723c751e8b465ee728b)  -> (artifact id: '85e90e5d326fd737d8eb895eede22d12') in 0.026534 seconds
  Import took 0.030259 seconds .

========================================================================
Received Import Request.
  Time since last request: 0.703299 seconds.
  path: Assets/Prefabs/Map/Volcano/LRD/MapPiece_Volcano_LRD1.prefab
  artifactKey: Guid(04ca3998ed54d43a482f57d0a46901da) Importer(815301076,1909f56bfc062723c751e8b465ee728b)
Start importing Assets/Prefabs/Map/Volcano/LRD/MapPiece_Volcano_LRD1.prefab using Guid(04ca3998ed54d43a482f57d0a46901da) Importer(815301076,1909f56bfc062723c751e8b465ee728b)  -> (artifact id: '195d8df7316bd07538ba18221adaca2d') in 0.026587 seconds
  Import took 0.030637 seconds .

========================================================================
Received Import Request.
  Time since last request: 2.453838 seconds.
  path: Assets/Prefabs/Map/Volcano/LRD/MapPiece_Volcano_LRD1.prefab
  artifactKey: Guid(04ca3998ed54d43a482f57d0a46901da) Importer(815301076,1909f56bfc062723c751e8b465ee728b)
Start importing Assets/Prefabs/Map/Volcano/LRD/MapPiece_Volcano_LRD1.prefab using Guid(04ca3998ed54d43a482f57d0a46901da) Importer(815301076,1909f56bfc062723c751e8b465ee728b)  -> (artifact id: '30b00039a0c98195884b6ddc97cf3df6') in 0.039639 seconds
  Import took 0.043516 seconds .

========================================================================
Received Import Request.
  Time since last request: 0.404076 seconds.
  path: Assets/Prefabs/Map/Volcano/LRD/MapPiece_Volcano_LRD1.prefab
  artifactKey: Guid(04ca3998ed54d43a482f57d0a46901da) Importer(815301076,1909f56bfc062723c751e8b465ee728b)
Start importing Assets/Prefabs/Map/Volcano/LRD/MapPiece_Volcano_LRD1.prefab using Guid(04ca3998ed54d43a482f57d0a46901da) Importer(815301076,1909f56bfc062723c751e8b465ee728b)  -> (artifact id: 'fc553c6ab77d6ad8540c8ded039032de') in 0.027017 seconds
  Import took 0.030711 seconds .

========================================================================
Received Import Request.
  Time since last request: 8.190088 seconds.
  path: Assets/Prefabs/Map/Volcano/LRD/MapPiece_Volcano_LRD3.prefab
  artifactKey: Guid(8b53b3ac2b40d4488a3a5e847655e98a) Importer(815301076,1909f56bfc062723c751e8b465ee728b)
Start importing Assets/Prefabs/Map/Volcano/LRD/MapPiece_Volcano_LRD3.prefab using Guid(8b53b3ac2b40d4488a3a5e847655e98a) Importer(815301076,1909f56bfc062723c751e8b465ee728b)  -> (artifact id: '02253ca8a4a9c4c8a46e5160be23003c') in 0.038002 seconds
  Import took 0.041675 seconds .

========================================================================
Received Import Request.
  Time since last request: 1.752411 seconds.
  path: Assets/Prefabs/Map/Volcano/LRD/MapPiece_Volcano_LRD3.prefab
  artifactKey: Guid(8b53b3ac2b40d4488a3a5e847655e98a) Importer(815301076,1909f56bfc062723c751e8b465ee728b)
Start importing Assets/Prefabs/Map/Volcano/LRD/MapPiece_Volcano_LRD3.prefab using Guid(8b53b3ac2b40d4488a3a5e847655e98a) Importer(815301076,1909f56bfc062723c751e8b465ee728b)  -> (artifact id: '43ed568cffb64d9c3eced428bc5a9a77') in 0.028537 seconds
  Import took 0.032181 seconds .

========================================================================
Received Import Request.
  Time since last request: 1.339180 seconds.
  path: Assets/Prefabs/Map/Volcano/LRD/MapPiece_Volcano_LRD3.prefab
  artifactKey: Guid(8b53b3ac2b40d4488a3a5e847655e98a) Importer(815301076,1909f56bfc062723c751e8b465ee728b)
Start importing Assets/Prefabs/Map/Volcano/LRD/MapPiece_Volcano_LRD3.prefab using Guid(8b53b3ac2b40d4488a3a5e847655e98a) Importer(815301076,1909f56bfc062723c751e8b465ee728b)  -> (artifact id: '23240dad4e9433ab7c3608ba80992d33') in 0.039272 seconds
  Import took 0.043074 seconds .

========================================================================
Received Import Request.
  Time since last request: 1.743964 seconds.
  path: Assets/Prefabs/Map/Volcano/LRD/MapPiece_Volcano_LRD3.prefab
  artifactKey: Guid(8b53b3ac2b40d4488a3a5e847655e98a) Importer(815301076,1909f56bfc062723c751e8b465ee728b)
Start importing Assets/Prefabs/Map/Volcano/LRD/MapPiece_Volcano_LRD3.prefab using Guid(8b53b3ac2b40d4488a3a5e847655e98a) Importer(815301076,1909f56bfc062723c751e8b465ee728b)  -> (artifact id: '7ac0e962bf87cb16db230cadb9968bc1') in 0.036028 seconds
  Import took 0.039643 seconds .

========================================================================
Received Import Request.
  Time since last request: 0.463104 seconds.
  path: Assets/Prefabs/Map/Volcano/LRD/MapPiece_Volcano_LRD3.prefab
  artifactKey: Guid(8b53b3ac2b40d4488a3a5e847655e98a) Importer(815301076,1909f56bfc062723c751e8b465ee728b)
Start importing Assets/Prefabs/Map/Volcano/LRD/MapPiece_Volcano_LRD3.prefab using Guid(8b53b3ac2b40d4488a3a5e847655e98a) Importer(815301076,1909f56bfc062723c751e8b465ee728b)  -> (artifact id: '9e5110b5a9e7b273e299c5d589d2190f') in 0.032540 seconds
  Import took 0.036250 seconds .

========================================================================
Received Import Request.
  Time since last request: 10.720925 seconds.
  path: Assets/Prefabs/Map/Volcano/R/MapPiece_Volcano_R1.prefab
  artifactKey: Guid(0efc6122ba4344408a3ada6eae228b97) Importer(815301076,1909f56bfc062723c751e8b465ee728b)
Start importing Assets/Prefabs/Map/Volcano/R/MapPiece_Volcano_R1.prefab using Guid(0efc6122ba4344408a3ada6eae228b97) Importer(815301076,1909f56bfc062723c751e8b465ee728b)  -> (artifact id: 'c8a3cef8b1b79bf852044bbf384c4ded') in 0.032259 seconds
  Import took 0.036293 seconds .

========================================================================
Received Import Request.
  Time since last request: 1.773141 seconds.
  path: Assets/Prefabs/Map/Volcano/R/MapPiece_Volcano_R1.prefab
  artifactKey: Guid(0efc6122ba4344408a3ada6eae228b97) Importer(815301076,1909f56bfc062723c751e8b465ee728b)
Start importing Assets/Prefabs/Map/Volcano/R/MapPiece_Volcano_R1.prefab using Guid(0efc6122ba4344408a3ada6eae228b97) Importer(815301076,1909f56bfc062723c751e8b465ee728b)  -> (artifact id: 'd2ab61545af4c88ebb449dcbb3ec8cd6') in 0.033264 seconds
  Import took 0.037248 seconds .

========================================================================
Received Import Request.
  Time since last request: 0.625830 seconds.
  path: Assets/Prefabs/Map/Volcano/R/MapPiece_Volcano_R1.prefab
  artifactKey: Guid(0efc6122ba4344408a3ada6eae228b97) Importer(815301076,1909f56bfc062723c751e8b465ee728b)
Start importing Assets/Prefabs/Map/Volcano/R/MapPiece_Volcano_R1.prefab using Guid(0efc6122ba4344408a3ada6eae228b97) Importer(815301076,1909f56bfc062723c751e8b465ee728b)  -> (artifact id: '6834ba21bce3fe604afe22bebab7fbfe') in 0.035943 seconds
  Import took 0.040268 seconds .

========================================================================
Received Import Request.
  Time since last request: 1.317932 seconds.
  path: Assets/Prefabs/Map/Volcano/R/MapPiece_Volcano_R1.prefab
  artifactKey: Guid(0efc6122ba4344408a3ada6eae228b97) Importer(815301076,1909f56bfc062723c751e8b465ee728b)
Start importing Assets/Prefabs/Map/Volcano/R/MapPiece_Volcano_R1.prefab using Guid(0efc6122ba4344408a3ada6eae228b97) Importer(815301076,1909f56bfc062723c751e8b465ee728b)  -> (artifact id: '1b89772151678250bfd40b50eab2baa7') in 0.029217 seconds
  Import took 0.033277 seconds .

========================================================================
Received Import Request.
  Time since last request: 0.839521 seconds.
  path: Assets/Prefabs/Map/Volcano/R/MapPiece_Volcano_R1.prefab
  artifactKey: Guid(0efc6122ba4344408a3ada6eae228b97) Importer(815301076,1909f56bfc062723c751e8b465ee728b)
Start importing Assets/Prefabs/Map/Volcano/R/MapPiece_Volcano_R1.prefab using Guid(0efc6122ba4344408a3ada6eae228b97) Importer(815301076,1909f56bfc062723c751e8b465ee728b)  -> (artifact id: '114fbed2148951aaf4bf4812da72e872') in 0.038010 seconds
  Import took 0.042203 seconds .

========================================================================
Received Import Request.
  Time since last request: 10.032911 seconds.
  path: Assets/Prefabs/Map/Volcano/R/MapPiece_Volcano_R2 1.prefab
  artifactKey: Guid(74ea7945604c84181bf146cc42d72a60) Importer(815301076,1909f56bfc062723c751e8b465ee728b)
Start importing Assets/Prefabs/Map/Volcano/R/MapPiece_Volcano_R2 1.prefab using Guid(74ea7945604c84181bf146cc42d72a60) Importer(815301076,1909f56bfc062723c751e8b465ee728b)  -> (artifact id: 'aa5d2993898a78035e1dbacab65259a8') in 0.030725 seconds
  Import took 0.034671 seconds .

========================================================================
Received Import Request.
  Time since last request: 1.269243 seconds.
  path: Assets/Prefabs/Map/Volcano/R/MapPiece_Volcano_R2 1.prefab
  artifactKey: Guid(74ea7945604c84181bf146cc42d72a60) Importer(815301076,1909f56bfc062723c751e8b465ee728b)
Start importing Assets/Prefabs/Map/Volcano/R/MapPiece_Volcano_R2 1.prefab using Guid(74ea7945604c84181bf146cc42d72a60) Importer(815301076,1909f56bfc062723c751e8b465ee728b)  -> (artifact id: 'af6dea72d266f8943923bd850d148700') in 0.027666 seconds
  Import took 0.031542 seconds .

========================================================================
Received Import Request.
  Time since last request: 0.693710 seconds.
  path: Assets/Prefabs/Map/Volcano/R/MapPiece_Volcano_R2 1.prefab
  artifactKey: Guid(74ea7945604c84181bf146cc42d72a60) Importer(815301076,1909f56bfc062723c751e8b465ee728b)
Start importing Assets/Prefabs/Map/Volcano/R/MapPiece_Volcano_R2 1.prefab using Guid(74ea7945604c84181bf146cc42d72a60) Importer(815301076,1909f56bfc062723c751e8b465ee728b)  -> (artifact id: '5e6d6f6506abfe12460cb059d05e2c45') in 0.034233 seconds
  Import took 0.038085 seconds .

========================================================================
Received Import Request.
  Time since last request: 2.670620 seconds.
  path: Assets/Prefabs/Map/Volcano/R/MapPiece_Volcano_R2 1.prefab
  artifactKey: Guid(74ea7945604c84181bf146cc42d72a60) Importer(815301076,1909f56bfc062723c751e8b465ee728b)
Start importing Assets/Prefabs/Map/Volcano/R/MapPiece_Volcano_R2 1.prefab using Guid(74ea7945604c84181bf146cc42d72a60) Importer(815301076,1909f56bfc062723c751e8b465ee728b)  -> (artifact id: '252c366f56d4a7c85530c7764a92cf23') in 0.027680 seconds
  Import took 0.031548 seconds .

========================================================================
Received Import Request.
  Time since last request: 0.648029 seconds.
  path: Assets/Prefabs/Map/Volcano/R/MapPiece_Volcano_R2 1.prefab
  artifactKey: Guid(74ea7945604c84181bf146cc42d72a60) Importer(815301076,1909f56bfc062723c751e8b465ee728b)
Start importing Assets/Prefabs/Map/Volcano/R/MapPiece_Volcano_R2 1.prefab using Guid(74ea7945604c84181bf146cc42d72a60) Importer(815301076,1909f56bfc062723c751e8b465ee728b)  -> (artifact id: '5d7e0f2e60b62c7fe66341ac731ea017') in 0.029807 seconds
  Import took 0.033622 seconds .

========================================================================
Received Import Request.
  Time since last request: 8.933203 seconds.
  path: Assets/Prefabs/Map/Volcano/R/MapPiece_Volcano_R2.prefab
  artifactKey: Guid(8524d795b88884088b759640cd7b92d2) Importer(815301076,1909f56bfc062723c751e8b465ee728b)
Start importing Assets/Prefabs/Map/Volcano/R/MapPiece_Volcano_R2.prefab using Guid(8524d795b88884088b759640cd7b92d2) Importer(815301076,1909f56bfc062723c751e8b465ee728b)  -> (artifact id: 'bb7eb69c940dc6dcf045087e73e83fa0') in 0.030773 seconds
  Import took 0.035032 seconds .

========================================================================
Received Import Request.
  Time since last request: 1.330406 seconds.
  path: Assets/Prefabs/Map/Volcano/R/MapPiece_Volcano_R2.prefab
  artifactKey: Guid(8524d795b88884088b759640cd7b92d2) Importer(815301076,1909f56bfc062723c751e8b465ee728b)
Start importing Assets/Prefabs/Map/Volcano/R/MapPiece_Volcano_R2.prefab using Guid(8524d795b88884088b759640cd7b92d2) Importer(815301076,1909f56bfc062723c751e8b465ee728b)  -> (artifact id: '66acc5fb07c6c701f9e8fb4858fb1eb1') in 0.030893 seconds
  Import took 0.034974 seconds .

========================================================================
Received Import Request.
  Time since last request: 0.619623 seconds.
  path: Assets/Prefabs/Map/Volcano/R/MapPiece_Volcano_R2.prefab
  artifactKey: Guid(8524d795b88884088b759640cd7b92d2) Importer(815301076,1909f56bfc062723c751e8b465ee728b)
Start importing Assets/Prefabs/Map/Volcano/R/MapPiece_Volcano_R2.prefab using Guid(8524d795b88884088b759640cd7b92d2) Importer(815301076,1909f56bfc062723c751e8b465ee728b)  -> (artifact id: '6a901e86a6521f4710dd29445b186209') in 0.031479 seconds
  Import took 0.035674 seconds .

========================================================================
Received Import Request.
  Time since last request: 1.298189 seconds.
  path: Assets/Prefabs/Map/Volcano/R/MapPiece_Volcano_R2.prefab
  artifactKey: Guid(8524d795b88884088b759640cd7b92d2) Importer(815301076,1909f56bfc062723c751e8b465ee728b)
Start importing Assets/Prefabs/Map/Volcano/R/MapPiece_Volcano_R2.prefab using Guid(8524d795b88884088b759640cd7b92d2) Importer(815301076,1909f56bfc062723c751e8b465ee728b)  -> (artifact id: '68b92830e276b0e430a617559f929488') in 0.031000 seconds
  Import took 0.035121 seconds .

========================================================================
Received Import Request.
  Time since last request: 0.581035 seconds.
  path: Assets/Prefabs/Map/Volcano/R/MapPiece_Volcano_R2.prefab
  artifactKey: Guid(8524d795b88884088b759640cd7b92d2) Importer(815301076,1909f56bfc062723c751e8b465ee728b)
Start importing Assets/Prefabs/Map/Volcano/R/MapPiece_Volcano_R2.prefab using Guid(8524d795b88884088b759640cd7b92d2) Importer(815301076,1909f56bfc062723c751e8b465ee728b)  -> (artifact id: 'fa23a4385dfe99724d06025d13810f90') in 0.031348 seconds
  Import took 0.035440 seconds .

========================================================================
Received Import Request.
  Time since last request: 8.939770 seconds.
  path: Assets/Prefabs/Map/Volcano/RD/MapPiece_Volcano_RD1.prefab
  artifactKey: Guid(25dd47e5e79024c0991269c143068114) Importer(815301076,1909f56bfc062723c751e8b465ee728b)
Start importing Assets/Prefabs/Map/Volcano/RD/MapPiece_Volcano_RD1.prefab using Guid(25dd47e5e79024c0991269c143068114) Importer(815301076,1909f56bfc062723c751e8b465ee728b)  -> (artifact id: '27bd9c3351561c6557a5465876b5be29') in 0.033356 seconds
  Import took 0.037260 seconds .

========================================================================
Received Import Request.
  Time since last request: 1.814894 seconds.
  path: Assets/Prefabs/Map/Volcano/RD/MapPiece_Volcano_RD1.prefab
  artifactKey: Guid(25dd47e5e79024c0991269c143068114) Importer(815301076,1909f56bfc062723c751e8b465ee728b)
Start importing Assets/Prefabs/Map/Volcano/RD/MapPiece_Volcano_RD1.prefab using Guid(25dd47e5e79024c0991269c143068114) Importer(815301076,1909f56bfc062723c751e8b465ee728b)  -> (artifact id: 'ece6814ca026da67d41936521988b6f7') in 0.031652 seconds
  Import took 0.035482 seconds .

========================================================================
Received Import Request.
  Time since last request: 0.949202 seconds.
  path: Assets/Prefabs/Map/Volcano/RD/MapPiece_Volcano_RD1.prefab
  artifactKey: Guid(25dd47e5e79024c0991269c143068114) Importer(815301076,1909f56bfc062723c751e8b465ee728b)
Start importing Assets/Prefabs/Map/Volcano/RD/MapPiece_Volcano_RD1.prefab using Guid(25dd47e5e79024c0991269c143068114) Importer(815301076,1909f56bfc062723c751e8b465ee728b)  -> (artifact id: '4cb9540ea703f39c6602d0b80e119db2') in 0.030205 seconds
  Import took 0.033973 seconds .

========================================================================
Received Import Request.
  Time since last request: 0.862944 seconds.
  path: Assets/Prefabs/Map/Volcano/RD/MapPiece_Volcano_RD1.prefab
  artifactKey: Guid(25dd47e5e79024c0991269c143068114) Importer(815301076,1909f56bfc062723c751e8b465ee728b)
Start importing Assets/Prefabs/Map/Volcano/RD/MapPiece_Volcano_RD1.prefab using Guid(25dd47e5e79024c0991269c143068114) Importer(815301076,1909f56bfc062723c751e8b465ee728b)  -> (artifact id: '677ccb407b6bb2b6cbafa914ade21520') in 0.033031 seconds
  Import took 0.036744 seconds .

========================================================================
Received Import Request.
  Time since last request: 1.077237 seconds.
  path: Assets/Prefabs/Map/Volcano/RD/MapPiece_Volcano_RD1.prefab
  artifactKey: Guid(25dd47e5e79024c0991269c143068114) Importer(815301076,1909f56bfc062723c751e8b465ee728b)
Start importing Assets/Prefabs/Map/Volcano/RD/MapPiece_Volcano_RD1.prefab using Guid(25dd47e5e79024c0991269c143068114) Importer(815301076,1909f56bfc062723c751e8b465ee728b)  -> (artifact id: 'd09c167f8599b1d6ed5fbb6242832e17') in 0.034920 seconds
  Import took 0.038744 seconds .

========================================================================
Received Import Request.
  Time since last request: 7.675554 seconds.
  path: Assets/Prefabs/Map/Volcano/RD/MapPiece_Volcano_RD2.prefab
  artifactKey: Guid(938760b1033de434e9c02b7e88544743) Importer(815301076,1909f56bfc062723c751e8b465ee728b)
Start importing Assets/Prefabs/Map/Volcano/RD/MapPiece_Volcano_RD2.prefab using Guid(938760b1033de434e9c02b7e88544743) Importer(815301076,1909f56bfc062723c751e8b465ee728b)  -> (artifact id: '11f83545f3aae3140cd9e15c2a6e813a') in 0.027206 seconds
  Import took 0.031735 seconds .

========================================================================
Received Import Request.
  Time since last request: 1.614417 seconds.
  path: Assets/Prefabs/Map/Volcano/RD/MapPiece_Volcano_RD2.prefab
  artifactKey: Guid(938760b1033de434e9c02b7e88544743) Importer(815301076,1909f56bfc062723c751e8b465ee728b)
Start importing Assets/Prefabs/Map/Volcano/RD/MapPiece_Volcano_RD2.prefab using Guid(938760b1033de434e9c02b7e88544743) Importer(815301076,1909f56bfc062723c751e8b465ee728b)  -> (artifact id: '5021b3d7cd6aae37f59b6b21cadbbbd6') in 0.026358 seconds
  Import took 0.030139 seconds .

========================================================================
Received Import Request.
  Time since last request: 0.877584 seconds.
  path: Assets/Prefabs/Map/Volcano/RD/MapPiece_Volcano_RD2.prefab
  artifactKey: Guid(938760b1033de434e9c02b7e88544743) Importer(815301076,1909f56bfc062723c751e8b465ee728b)
Start importing Assets/Prefabs/Map/Volcano/RD/MapPiece_Volcano_RD2.prefab using Guid(938760b1033de434e9c02b7e88544743) Importer(815301076,1909f56bfc062723c751e8b465ee728b)  -> (artifact id: 'da89b128c78f8e4eb5f75b4f2ba7b740') in 0.033111 seconds
  Import took 0.037046 seconds .

========================================================================
Received Import Request.
  Time since last request: 1.488013 seconds.
  path: Assets/Prefabs/Map/Volcano/RD/MapPiece_Volcano_RD2.prefab
  artifactKey: Guid(938760b1033de434e9c02b7e88544743) Importer(815301076,1909f56bfc062723c751e8b465ee728b)
Start importing Assets/Prefabs/Map/Volcano/RD/MapPiece_Volcano_RD2.prefab using Guid(938760b1033de434e9c02b7e88544743) Importer(815301076,1909f56bfc062723c751e8b465ee728b)  -> (artifact id: '9947e13c04edd146b361dcaa37d53cf4') in 0.026488 seconds
  Import took 0.030250 seconds .

========================================================================
Received Import Request.
  Time since last request: 0.892290 seconds.
  path: Assets/Prefabs/Map/Volcano/RD/MapPiece_Volcano_RD2.prefab
  artifactKey: Guid(938760b1033de434e9c02b7e88544743) Importer(815301076,1909f56bfc062723c751e8b465ee728b)
Start importing Assets/Prefabs/Map/Volcano/RD/MapPiece_Volcano_RD2.prefab using Guid(938760b1033de434e9c02b7e88544743) Importer(815301076,1909f56bfc062723c751e8b465ee728b)  -> (artifact id: 'f4b0383b0eee679028b66e5e4bf85438') in 0.035636 seconds
  Import took 0.039765 seconds .

========================================================================
Received Import Request.
  Time since last request: 9.969980 seconds.
  path: Assets/Prefabs/Map/Volcano/RD/MapPiece_Volcano_RD3.prefab
  artifactKey: Guid(9164e657c39ed4656817f677853486bb) Importer(815301076,1909f56bfc062723c751e8b465ee728b)
Start importing Assets/Prefabs/Map/Volcano/RD/MapPiece_Volcano_RD3.prefab using Guid(9164e657c39ed4656817f677853486bb) Importer(815301076,1909f56bfc062723c751e8b465ee728b)  -> (artifact id: 'f1f8a4e5cefb5cd2e7673447dceb2d53') in 0.026973 seconds
  Import took 0.030602 seconds .

========================================================================
Received Import Request.
  Time since last request: 1.288359 seconds.
  path: Assets/Prefabs/Map/Volcano/RD/MapPiece_Volcano_RD3.prefab
  artifactKey: Guid(9164e657c39ed4656817f677853486bb) Importer(815301076,1909f56bfc062723c751e8b465ee728b)
Start importing Assets/Prefabs/Map/Volcano/RD/MapPiece_Volcano_RD3.prefab using Guid(9164e657c39ed4656817f677853486bb) Importer(815301076,1909f56bfc062723c751e8b465ee728b)  -> (artifact id: '0f1b9fbbc5aab214de055d0094a78402') in 0.038827 seconds
  Import took 0.042539 seconds .

========================================================================
Received Import Request.
  Time since last request: 0.913025 seconds.
  path: Assets/Prefabs/Map/Volcano/RD/MapPiece_Volcano_RD3.prefab
  artifactKey: Guid(9164e657c39ed4656817f677853486bb) Importer(815301076,1909f56bfc062723c751e8b465ee728b)
Start importing Assets/Prefabs/Map/Volcano/RD/MapPiece_Volcano_RD3.prefab using Guid(9164e657c39ed4656817f677853486bb) Importer(815301076,1909f56bfc062723c751e8b465ee728b)  -> (artifact id: '8ab51f5d3d827366a7fa8b0bec2b4e4e') in 0.034612 seconds
  Import took 0.038314 seconds .

========================================================================
Received Import Request.
  Time since last request: 2.032586 seconds.
  path: Assets/Prefabs/Map/Volcano/RD/MapPiece_Volcano_RD3.prefab
  artifactKey: Guid(9164e657c39ed4656817f677853486bb) Importer(815301076,1909f56bfc062723c751e8b465ee728b)
Start importing Assets/Prefabs/Map/Volcano/RD/MapPiece_Volcano_RD3.prefab using Guid(9164e657c39ed4656817f677853486bb) Importer(815301076,1909f56bfc062723c751e8b465ee728b)  -> (artifact id: '3dd208745ef6ef3ed1fb10923021e86f') in 0.030737 seconds
  Import took 0.034369 seconds .

========================================================================
Received Import Request.
  Time since last request: 0.894378 seconds.
  path: Assets/Prefabs/Map/Volcano/RD/MapPiece_Volcano_RD3.prefab
  artifactKey: Guid(9164e657c39ed4656817f677853486bb) Importer(815301076,1909f56bfc062723c751e8b465ee728b)
Start importing Assets/Prefabs/Map/Volcano/RD/MapPiece_Volcano_RD3.prefab using Guid(9164e657c39ed4656817f677853486bb) Importer(815301076,1909f56bfc062723c751e8b465ee728b)  -> (artifact id: '9eb7fbee2915311101d46ae5a5337f86') in 0.034532 seconds
  Import took 0.038244 seconds .

========================================================================
Received Prepare
Registering precompiled user dll's ...
Registered in 0.000788 seconds.
Begin MonoManager ReloadAssembly
Native extension for OSXStandalone target not found
Refreshing native plugins compatible for Editor in 0.35 ms, found 2 plugins.
Preloading 0 native plugins for Editor in 0.00 ms.
Invoked RoslynAnalysisRunner static constructor.
RoslynAnalysisRunner will not be running.
RoslynAnalysisRunner has terminated.
Mono: successfully reloaded assembly
- Completed reload, in  0.830 seconds
Platform modules already initialized, skipping
Refreshing native plugins compatible for Editor in 0.34 ms, found 2 plugins.
Preloading 0 native plugins for Editor in 0.00 ms.
Unloading 1828 Unused Serialized files (Serialized files now loaded: 0)
System memory in use before: 316.8 MB.
System memory in use after: 316.8 MB.

Unloading 12 unused Assets to reduce memory usage. Loaded Objects now: 2307.
Total: 2.020419 ms (FindLiveObjects: 0.221387 ms CreateObjectMapping: 0.068476 ms MarkObjects: 1.625555 ms  DeleteObjects: 0.103670 ms)

========================================================================
Received Import Request.
  Time since last request: 71.333611 seconds.
  path: Assets/Prefabs/Map/Volcano/D/MapPiece_Volcano_D1.prefab
  artifactKey: Guid(d81ba732485e64e6c87659b3bfcc8da2) Importer(815301076,1909f56bfc062723c751e8b465ee728b)
Start importing Assets/Prefabs/Map/Volcano/D/MapPiece_Volcano_D1.prefab using Guid(d81ba732485e64e6c87659b3bfcc8da2) Importer(815301076,1909f56bfc062723c751e8b465ee728b)  -> (artifact id: '5fbe0c3bd0f57be071b1d3f44d7c82de') in 0.082661 seconds
  Import took 0.087449 seconds .

========================================================================
Received Prepare
Registering precompiled user dll's ...
Registered in 0.000589 seconds.
Begin MonoManager ReloadAssembly
Native extension for OSXStandalone target not found
Refreshing native plugins compatible for Editor in 0.34 ms, found 2 plugins.
Preloading 0 native plugins for Editor in 0.00 ms.
Invoked RoslynAnalysisRunner static constructor.
RoslynAnalysisRunner will not be running.
RoslynAnalysisRunner has terminated.
Mono: successfully reloaded assembly
- Completed reload, in  0.750 seconds
Platform modules already initialized, skipping
Refreshing native plugins compatible for Editor in 0.33 ms, found 2 plugins.
Preloading 0 native plugins for Editor in 0.00 ms.
Unloading 1828 Unused Serialized files (Serialized files now loaded: 0)
System memory in use before: 318.0 MB.
System memory in use after: 318.0 MB.

Unloading 12 unused Assets to reduce memory usage. Loaded Objects now: 2311.
Total: 3.066808 ms (FindLiveObjects: 0.299799 ms CreateObjectMapping: 0.129183 ms MarkObjects: 2.488443 ms  DeleteObjects: 0.147600 ms)

========================================================================
Received Prepare
Registering precompiled user dll's ...
Registered in 0.000598 seconds.
Begin MonoManager ReloadAssembly
Native extension for OSXStandalone target not found
Refreshing native plugins compatible for Editor in 0.34 ms, found 2 plugins.
Preloading 0 native plugins for Editor in 0.00 ms.
Invoked RoslynAnalysisRunner static constructor.
RoslynAnalysisRunner will not be running.
RoslynAnalysisRunner has terminated.
Mono: successfully reloaded assembly
- Completed reload, in  0.851 seconds
Platform modules already initialized, skipping
Refreshing native plugins compatible for Editor in 0.33 ms, found 2 plugins.
Preloading 0 native plugins for Editor in 0.00 ms.
Unloading 1828 Unused Serialized files (Serialized files now loaded: 0)
System memory in use before: 318.8 MB.
System memory in use after: 318.8 MB.

Unloading 12 unused Assets to reduce memory usage. Loaded Objects now: 2314.
Total: 1.983612 ms (FindLiveObjects: 0.184002 ms CreateObjectMapping: 0.067470 ms MarkObjects: 1.634043 ms  DeleteObjects: 0.096098 ms)

========================================================================
Received Prepare
Registering precompiled user dll's ...
Registered in 0.000599 seconds.
Begin MonoManager ReloadAssembly
Native extension for OSXStandalone target not found
Refreshing native plugins compatible for Editor in 0.37 ms, found 2 plugins.
Preloading 0 native plugins for Editor in 0.00 ms.
Invoked RoslynAnalysisRunner static constructor.
RoslynAnalysisRunner will not be running.
RoslynAnalysisRunner has terminated.
Mono: successfully reloaded assembly
- Completed reload, in  0.865 seconds
Platform modules already initialized, skipping
Refreshing native plugins compatible for Editor in 0.33 ms, found 2 plugins.
Preloading 0 native plugins for Editor in 0.00 ms.
Unloading 1828 Unused Serialized files (Serialized files now loaded: 0)
System memory in use before: 320.0 MB.
System memory in use after: 320.1 MB.

Unloading 12 unused Assets to reduce memory usage. Loaded Objects now: 2317.
Total: 2.347851 ms (FindLiveObjects: 0.364519 ms CreateObjectMapping: 0.134085 ms MarkObjects: 1.745972 ms  DeleteObjects: 0.101766 ms)

========================================================================
Received Prepare
Registering precompiled user dll's ...
Registered in 0.000966 seconds.
Begin MonoManager ReloadAssembly
Native extension for OSXStandalone target not found
Refreshing native plugins compatible for Editor in 0.34 ms, found 2 plugins.
Preloading 0 native plugins for Editor in 0.00 ms.
Invoked RoslynAnalysisRunner static constructor.
RoslynAnalysisRunner will not be running.
RoslynAnalysisRunner has terminated.
Mono: successfully reloaded assembly
- Completed reload, in  0.821 seconds
Platform modules already initialized, skipping
Refreshing native plugins compatible for Editor in 0.42 ms, found 2 plugins.
Preloading 0 native plugins for Editor in 0.00 ms.
Unloading 1829 Unused Serialized files (Serialized files now loaded: 0)
System memory in use before: 321.1 MB.
System memory in use after: 321.1 MB.

Unloading 12 unused Assets to reduce memory usage. Loaded Objects now: 2321.
Total: 1.777244 ms (FindLiveObjects: 0.202567 ms CreateObjectMapping: 0.054831 ms MarkObjects: 1.433105 ms  DeleteObjects: 0.085929 ms)

========================================================================
Received Import Request.
  Time since last request: 478.100944 seconds.
  path: Assets/Scripts/System, UI/SingletonRandom.cs
  artifactKey: Guid(d6c212386af5e464987558e4198bc009) Importer(815301076,1909f56bfc062723c751e8b465ee728b)
Start importing Assets/Scripts/System, UI/SingletonRandom.cs using Guid(d6c212386af5e464987558e4198bc009) Importer(815301076,1909f56bfc062723c751e8b465ee728b)  -> (artifact id: '7c59242961bd53d6bfcc3794ac785bb2') in 0.004403 seconds
  Import took 0.007444 seconds .

========================================================================
Received Prepare
Registering precompiled user dll's ...
Registered in 0.000516 seconds.
Begin MonoManager ReloadAssembly
Native extension for OSXStandalone target not found
Refreshing native plugins compatible for Editor in 0.41 ms, found 2 plugins.
Preloading 0 native plugins for Editor in 0.00 ms.
Invoked RoslynAnalysisRunner static constructor.
RoslynAnalysisRunner will not be running.
RoslynAnalysisRunner has terminated.
Mono: successfully reloaded assembly
- Completed reload, in  0.981 seconds
Platform modules already initialized, skipping
Refreshing native plugins compatible for Editor in 0.33 ms, found 2 plugins.
Preloading 0 native plugins for Editor in 0.00 ms.
Unloading 1829 Unused Serialized files (Serialized files now loaded: 0)
System memory in use before: 322.1 MB.
System memory in use after: 322.1 MB.

Unloading 12 unused Assets to reduce memory usage. Loaded Objects now: 2324.
Total: 2.153430 ms (FindLiveObjects: 0.221985 ms CreateObjectMapping: 0.075611 ms MarkObjects: 1.747310 ms  DeleteObjects: 0.107037 ms)

========================================================================
Received Import Request.
  Time since last request: 256.944886 seconds.
  path: Assets/Scripts/System, UI/SingletonRandom.cs
  artifactKey: Guid(d6c212386af5e464987558e4198bc009) Importer(815301076,1909f56bfc062723c751e8b465ee728b)
Start importing Assets/Scripts/System, UI/SingletonRandom.cs using Guid(d6c212386af5e464987558e4198bc009) Importer(815301076,1909f56bfc062723c751e8b465ee728b)  -> (artifact id: '66d0453a3c9868b501a51b02a88027cb') in 0.005083 seconds
  Import took 0.008261 seconds .

========================================================================
Received Import Request.
  Time since last request: 145.230066 seconds.
  path: Assets/Scripts/System, UI/SingletonRandom.cs
  artifactKey: Guid(d6c212386af5e464987558e4198bc009) Importer(815301076,1909f56bfc062723c751e8b465ee728b)
Start importing Assets/Scripts/System, UI/SingletonRandom.cs using Guid(d6c212386af5e464987558e4198bc009) Importer(815301076,1909f56bfc062723c751e8b465ee728b)  -> (artifact id: 'cddf274c0df77bb80bcb1d3d4182b962') in 0.002614 seconds
  Import took 0.005784 seconds .

========================================================================
Received Prepare
Registering precompiled user dll's ...
Registered in 0.000681 seconds.
Begin MonoManager ReloadAssembly
Native extension for OSXStandalone target not found
Refreshing native plugins compatible for Editor in 0.33 ms, found 2 plugins.
Preloading 0 native plugins for Editor in 0.00 ms.
Invoked RoslynAnalysisRunner static constructor.
RoslynAnalysisRunner will not be running.
RoslynAnalysisRunner has terminated.
Mono: successfully reloaded assembly
- Completed reload, in  0.818 seconds
Platform modules already initialized, skipping
Refreshing native plugins compatible for Editor in 0.33 ms, found 2 plugins.
Preloading 0 native plugins for Editor in 0.00 ms.
Unloading 1829 Unused Serialized files (Serialized files now loaded: 0)
System memory in use before: 323.1 MB.
System memory in use after: 323.2 MB.

Unloading 12 unused Assets to reduce memory usage. Loaded Objects now: 2327.
Total: 2.017254 ms (FindLiveObjects: 0.210161 ms CreateObjectMapping: 0.089460 ms MarkObjects: 1.612704 ms  DeleteObjects: 0.103509 ms)

========================================================================
Received Prepare
Registering precompiled user dll's ...
Registered in 0.000704 seconds.
Begin MonoManager ReloadAssembly
Native extension for OSXStandalone target not found
Refreshing native plugins compatible for Editor in 0.35 ms, found 2 plugins.
Preloading 0 native plugins for Editor in 0.00 ms.
Invoked RoslynAnalysisRunner static constructor.
RoslynAnalysisRunner will not be running.
RoslynAnalysisRunner has terminated.
Mono: successfully reloaded assembly
- Completed reload, in  0.944 seconds
Platform modules already initialized, skipping
Refreshing native plugins compatible for Editor in 0.35 ms, found 2 plugins.
Preloading 0 native plugins for Editor in 0.00 ms.
Unloading 1829 Unused Serialized files (Serialized files now loaded: 0)
System memory in use before: 324.2 MB.
System memory in use after: 324.2 MB.

Unloading 12 unused Assets to reduce memory usage. Loaded Objects now: 2330.
Total: 2.188743 ms (FindLiveObjects: 0.302479 ms CreateObjectMapping: 0.110528 ms MarkObjects: 1.665773 ms  DeleteObjects: 0.108456 ms)

========================================================================
Received Prepare
Registering precompiled user dll's ...
Registered in 0.000638 seconds.
Begin MonoManager ReloadAssembly
Native extension for OSXStandalone target not found
Refreshing native plugins compatible for Editor in 0.34 ms, found 2 plugins.
Preloading 0 native plugins for Editor in 0.00 ms.
Invoked RoslynAnalysisRunner static constructor.
RoslynAnalysisRunner will not be running.
RoslynAnalysisRunner has terminated.
Mono: successfully reloaded assembly
- Completed reload, in  0.956 seconds
Platform modules already initialized, skipping
Refreshing native plugins compatible for Editor in 0.47 ms, found 2 plugins.
Preloading 0 native plugins for Editor in 0.00 ms.
Unloading 1828 Unused Serialized files (Serialized files now loaded: 0)
System memory in use before: 325.1 MB.
System memory in use after: 325.2 MB.

Unloading 13 unused Assets to reduce memory usage. Loaded Objects now: 2332.
Total: 2.694735 ms (FindLiveObjects: 0.300214 ms CreateObjectMapping: 0.092305 ms MarkObjects: 2.169014 ms  DeleteObjects: 0.131869 ms)

========================================================================
Received Prepare
Registering precompiled user dll's ...
Registered in 0.000620 seconds.
Begin MonoManager ReloadAssembly
Native extension for OSXStandalone target not found
Refreshing native plugins compatible for Editor in 0.35 ms, found 2 plugins.
Preloading 0 native plugins for Editor in 0.00 ms.
Invoked RoslynAnalysisRunner static constructor.
RoslynAnalysisRunner will not be running.
RoslynAnalysisRunner has terminated.
Mono: successfully reloaded assembly
- Completed reload, in  0.863 seconds
Platform modules already initialized, skipping
Refreshing native plugins compatible for Editor in 0.34 ms, found 2 plugins.
Preloading 0 native plugins for Editor in 0.00 ms.
Unloading 1828 Unused Serialized files (Serialized files now loaded: 0)
System memory in use before: 326.0 MB.
System memory in use after: 326.0 MB.

Unloading 12 unused Assets to reduce memory usage. Loaded Objects now: 2335.
Total: 3.239411 ms (FindLiveObjects: 0.422999 ms CreateObjectMapping: 0.171146 ms MarkObjects: 2.492273 ms  DeleteObjects: 0.150613 ms)

========================================================================
Received Prepare
Registering precompiled user dll's ...
Registered in 0.000617 seconds.
Begin MonoManager ReloadAssembly
Native extension for OSXStandalone target not found
Refreshing native plugins compatible for Editor in 0.32 ms, found 2 plugins.
Preloading 0 native plugins for Editor in 0.00 ms.
Invoked RoslynAnalysisRunner static constructor.
RoslynAnalysisRunner will not be running.
RoslynAnalysisRunner has terminated.
Mono: successfully reloaded assembly
- Completed reload, in  0.807 seconds
Platform modules already initialized, skipping
Refreshing native plugins compatible for Editor in 0.42 ms, found 2 plugins.
Preloading 0 native plugins for Editor in 0.00 ms.
Unloading 1828 Unused Serialized files (Serialized files now loaded: 0)
System memory in use before: 327.2 MB.
System memory in use after: 327.2 MB.

Unloading 12 unused Assets to reduce memory usage. Loaded Objects now: 2338.
Total: 2.047323 ms (FindLiveObjects: 0.226282 ms CreateObjectMapping: 0.066385 ms MarkObjects: 1.654981 ms  DeleteObjects: 0.098653 ms)

========================================================================
Received Prepare
Registering precompiled user dll's ...
Registered in 0.000601 seconds.
Begin MonoManager ReloadAssembly
Native extension for OSXStandalone target not found
Refreshing native plugins compatible for Editor in 0.35 ms, found 2 plugins.
Preloading 0 native plugins for Editor in 0.00 ms.
Invoked RoslynAnalysisRunner static constructor.
RoslynAnalysisRunner will not be running.
RoslynAnalysisRunner has terminated.
Mono: successfully reloaded assembly
- Completed reload, in  0.797 seconds
Platform modules already initialized, skipping
Refreshing native plugins compatible for Editor in 0.33 ms, found 2 plugins.
Preloading 0 native plugins for Editor in 0.00 ms.
Unloading 1828 Unused Serialized files (Serialized files now loaded: 0)
System memory in use before: 328.2 MB.
System memory in use after: 328.2 MB.

Unloading 12 unused Assets to reduce memory usage. Loaded Objects now: 2341.
Total: 2.054021 ms (FindLiveObjects: 0.204410 ms CreateObjectMapping: 0.064415 ms MarkObjects: 1.685378 ms  DeleteObjects: 0.098682 ms)

========================================================================
Received Prepare
Registering precompiled user dll's ...
Registered in 0.000564 seconds.
Begin MonoManager ReloadAssembly
Native extension for OSXStandalone target not found
Refreshing native plugins compatible for Editor in 0.36 ms, found 2 plugins.
Preloading 0 native plugins for Editor in 0.00 ms.
Invoked RoslynAnalysisRunner static constructor.
RoslynAnalysisRunner will not be running.
RoslynAnalysisRunner has terminated.
Mono: successfully reloaded assembly
- Completed reload, in  0.856 seconds
Platform modules already initialized, skipping
Refreshing native plugins compatible for Editor in 0.37 ms, found 2 plugins.
Preloading 0 native plugins for Editor in 0.00 ms.
Unloading 1828 Unused Serialized files (Serialized files now loaded: 0)
System memory in use before: 329.2 MB.
System memory in use after: 329.2 MB.

Unloading 12 unused Assets to reduce memory usage. Loaded Objects now: 2344.
Total: 2.128854 ms (FindLiveObjects: 0.243501 ms CreateObjectMapping: 0.074479 ms MarkObjects: 1.701899 ms  DeleteObjects: 0.107426 ms)

========================================================================
Received Import Request.
  Time since last request: 158.156294 seconds.
  path: Assets/Scenes/Volcano.unity
  artifactKey: Guid(cf8a08dcacd9f4208aa9a2d7978852c8) Importer(815301076,1909f56bfc062723c751e8b465ee728b)
Start importing Assets/Scenes/Volcano.unity using Guid(cf8a08dcacd9f4208aa9a2d7978852c8) Importer(815301076,1909f56bfc062723c751e8b465ee728b)  -> (artifact id: '580de82aeaa72db87c46ad24294312b5') in 0.010813 seconds
  Import took 0.013865 seconds .

========================================================================
Received Import Request.
  Time since last request: 0.003153 seconds.
  path: Assets/Scenes/Volcano.unity
  artifactKey: Guid(cf8a08dcacd9f4208aa9a2d7978852c8) Importer(815301076,1909f56bfc062723c751e8b465ee728b)
Start importing Assets/Scenes/Volcano.unity using Guid(cf8a08dcacd9f4208aa9a2d7978852c8) Importer(815301076,1909f56bfc062723c751e8b465ee728b)  -> (artifact id: '580de82aeaa72db87c46ad24294312b5') in 0.001004 seconds
  Import took 0.003654 seconds .

========================================================================
Received Prepare
Registering precompiled user dll's ...
Registered in 0.000591 seconds.
Begin MonoManager ReloadAssembly
Native extension for OSXStandalone target not found
Refreshing native plugins compatible for Editor in 0.34 ms, found 2 plugins.
Preloading 0 native plugins for Editor in 0.00 ms.
Invoked RoslynAnalysisRunner static constructor.
RoslynAnalysisRunner will not be running.
RoslynAnalysisRunner has terminated.
Mono: successfully reloaded assembly
- Completed reload, in  0.761 seconds
Platform modules already initialized, skipping
Refreshing native plugins compatible for Editor in 0.33 ms, found 2 plugins.
Preloading 0 native plugins for Editor in 0.00 ms.
Unloading 1828 Unused Serialized files (Serialized files now loaded: 0)
System memory in use before: 330.0 MB.
System memory in use after: 330.0 MB.

Unloading 12 unused Assets to reduce memory usage. Loaded Objects now: 2347.
Total: 2.134997 ms (FindLiveObjects: 0.251306 ms CreateObjectMapping: 0.059992 ms MarkObjects: 1.726662 ms  DeleteObjects: 0.096225 ms)

========================================================================
Received Prepare
Registering precompiled user dll's ...
Registered in 0.000606 seconds.
Begin MonoManager ReloadAssembly
Native extension for OSXStandalone target not found
Refreshing native plugins compatible for Editor in 0.34 ms, found 2 plugins.
Preloading 0 native plugins for Editor in 0.00 ms.
Invoked RoslynAnalysisRunner static constructor.
RoslynAnalysisRunner will not be running.
RoslynAnalysisRunner has terminated.
Mono: successfully reloaded assembly
- Completed reload, in  0.797 seconds
Platform modules already initialized, skipping
Refreshing native plugins compatible for Editor in 0.33 ms, found 2 plugins.
Preloading 0 native plugins for Editor in 0.00 ms.
Unloading 1828 Unused Serialized files (Serialized files now loaded: 0)
System memory in use before: 331.3 MB.
System memory in use after: 331.3 MB.

Unloading 12 unused Assets to reduce memory usage. Loaded Objects now: 2350.
Total: 1.986203 ms (FindLiveObjects: 0.211707 ms CreateObjectMapping: 0.071606 ms MarkObjects: 1.608241 ms  DeleteObjects: 0.093764 ms)

========================================================================
Received Prepare
Registering precompiled user dll's ...
Registered in 0.000622 seconds.
Begin MonoManager ReloadAssembly
Native extension for OSXStandalone target not found
Refreshing native plugins compatible for Editor in 0.35 ms, found 2 plugins.
Preloading 0 native plugins for Editor in 0.00 ms.
Invoked RoslynAnalysisRunner static constructor.
RoslynAnalysisRunner will not be running.
RoslynAnalysisRunner has terminated.
Mono: successfully reloaded assembly
- Completed reload, in  0.846 seconds
Platform modules already initialized, skipping
Refreshing native plugins compatible for Editor in 0.33 ms, found 2 plugins.
Preloading 0 native plugins for Editor in 0.00 ms.
Unloading 1828 Unused Serialized files (Serialized files now loaded: 0)
System memory in use before: 332.3 MB.
System memory in use after: 332.3 MB.

Unloading 12 unused Assets to reduce memory usage. Loaded Objects now: 2353.
Total: 2.096993 ms (FindLiveObjects: 0.221892 ms CreateObjectMapping: 0.085752 ms MarkObjects: 1.681314 ms  DeleteObjects: 0.106543 ms)

========================================================================
Received Prepare
Registering precompiled user dll's ...
Registered in 0.000580 seconds.
Begin MonoManager ReloadAssembly
Native extension for OSXStandalone target not found
Refreshing native plugins compatible for Editor in 0.32 ms, found 2 plugins.
Preloading 0 native plugins for Editor in 0.00 ms.
Invoked RoslynAnalysisRunner static constructor.
RoslynAnalysisRunner will not be running.
RoslynAnalysisRunner has terminated.
Mono: successfully reloaded assembly
- Completed reload, in  0.753 seconds
Platform modules already initialized, skipping
Refreshing native plugins compatible for Editor in 0.35 ms, found 2 plugins.
Preloading 0 native plugins for Editor in 0.00 ms.
Unloading 1828 Unused Serialized files (Serialized files now loaded: 0)
System memory in use before: 333.2 MB.
System memory in use after: 333.2 MB.

Unloading 12 unused Assets to reduce memory usage. Loaded Objects now: 2356.
Total: 2.005593 ms (FindLiveObjects: 0.210682 ms CreateObjectMapping: 0.063571 ms MarkObjects: 1.637795 ms  DeleteObjects: 0.092690 ms)

========================================================================
Received Prepare
Registering precompiled user dll's ...
Registered in 0.000589 seconds.
Begin MonoManager ReloadAssembly
Native extension for OSXStandalone target not found
Refreshing native plugins compatible for Editor in 0.34 ms, found 2 plugins.
Preloading 0 native plugins for Editor in 0.00 ms.
Invoked RoslynAnalysisRunner static constructor.
RoslynAnalysisRunner will not be running.
RoslynAnalysisRunner has terminated.
Mono: successfully reloaded assembly
- Completed reload, in  0.804 seconds
Platform modules already initialized, skipping
Refreshing native plugins compatible for Editor in 0.33 ms, found 2 plugins.
Preloading 0 native plugins for Editor in 0.00 ms.
Unloading 1828 Unused Serialized files (Serialized files now loaded: 0)
System memory in use before: 334.3 MB.
System memory in use after: 334.4 MB.

Unloading 12 unused Assets to reduce memory usage. Loaded Objects now: 2359.
Total: 2.020489 ms (FindLiveObjects: 0.249133 ms CreateObjectMapping: 0.071037 ms MarkObjects: 1.603804 ms  DeleteObjects: 0.095509 ms)

========================================================================
Received Prepare
Registering precompiled user dll's ...
Registered in 0.000590 seconds.
Begin MonoManager ReloadAssembly
Native extension for OSXStandalone target not found
Refreshing native plugins compatible for Editor in 0.32 ms, found 2 plugins.
Preloading 0 native plugins for Editor in 0.00 ms.
Invoked RoslynAnalysisRunner static constructor.
RoslynAnalysisRunner will not be running.
RoslynAnalysisRunner has terminated.
Mono: successfully reloaded assembly
- Completed reload, in  0.776 seconds
Platform modules already initialized, skipping
Refreshing native plugins compatible for Editor in 0.34 ms, found 2 plugins.
Preloading 0 native plugins for Editor in 0.00 ms.
Unloading 1828 Unused Serialized files (Serialized files now loaded: 0)
System memory in use before: 335.4 MB.
System memory in use after: 335.4 MB.

Unloading 12 unused Assets to reduce memory usage. Loaded Objects now: 2362.
Total: 1.959042 ms (FindLiveObjects: 0.211740 ms CreateObjectMapping: 0.059441 ms MarkObjects: 1.592626 ms  DeleteObjects: 0.094311 ms)

========================================================================
Received Prepare
Registering precompiled user dll's ...
Registered in 0.000613 seconds.
Begin MonoManager ReloadAssembly
Native extension for OSXStandalone target not found
Refreshing native plugins compatible for Editor in 0.33 ms, found 2 plugins.
Preloading 0 native plugins for Editor in 0.00 ms.
Invoked RoslynAnalysisRunner static constructor.
RoslynAnalysisRunner will not be running.
RoslynAnalysisRunner has terminated.
Mono: successfully reloaded assembly
- Completed reload, in  0.810 seconds
Platform modules already initialized, skipping
Refreshing native plugins compatible for Editor in 0.35 ms, found 2 plugins.
Preloading 0 native plugins for Editor in 0.00 ms.
Unloading 1828 Unused Serialized files (Serialized files now loaded: 0)
System memory in use before: 336.4 MB.
System memory in use after: 336.4 MB.

Unloading 12 unused Assets to reduce memory usage. Loaded Objects now: 2365.
Total: 2.182362 ms (FindLiveObjects: 0.333466 ms CreateObjectMapping: 0.085033 ms MarkObjects: 1.655525 ms  DeleteObjects: 0.106649 ms)

========================================================================
Received Prepare
Registering precompiled user dll's ...
Registered in 0.000622 seconds.
Begin MonoManager ReloadAssembly
Native extension for OSXStandalone target not found
Refreshing native plugins compatible for Editor in 0.31 ms, found 2 plugins.
Preloading 0 native plugins for Editor in 0.00 ms.
Invoked RoslynAnalysisRunner static constructor.
RoslynAnalysisRunner will not be running.
RoslynAnalysisRunner has terminated.
Mono: successfully reloaded assembly
- Completed reload, in  0.761 seconds
Platform modules already initialized, skipping
Refreshing native plugins compatible for Editor in 0.52 ms, found 2 plugins.
Preloading 0 native plugins for Editor in 0.00 ms.
Unloading 1828 Unused Serialized files (Serialized files now loaded: 0)
System memory in use before: 337.2 MB.
System memory in use after: 337.2 MB.

Unloading 12 unused Assets to reduce memory usage. Loaded Objects now: 2368.
Total: 2.570239 ms (FindLiveObjects: 0.241519 ms CreateObjectMapping: 0.070881 ms MarkObjects: 2.088750 ms  DeleteObjects: 0.167655 ms)

========================================================================
Received Prepare
Registering precompiled user dll's ...
Registered in 0.000614 seconds.
Begin MonoManager ReloadAssembly
Native extension for OSXStandalone target not found
Refreshing native plugins compatible for Editor in 0.35 ms, found 2 plugins.
Preloading 0 native plugins for Editor in 0.00 ms.
Invoked RoslynAnalysisRunner static constructor.
RoslynAnalysisRunner will not be running.
RoslynAnalysisRunner has terminated.
Mono: successfully reloaded assembly
- Completed reload, in  0.791 seconds
Platform modules already initialized, skipping
Refreshing native plugins compatible for Editor in 0.35 ms, found 2 plugins.
Preloading 0 native plugins for Editor in 0.00 ms.
Unloading 1828 Unused Serialized files (Serialized files now loaded: 0)
System memory in use before: 338.4 MB.
System memory in use after: 338.4 MB.

Unloading 12 unused Assets to reduce memory usage. Loaded Objects now: 2371.
Total: 2.273468 ms (FindLiveObjects: 0.250147 ms CreateObjectMapping: 0.071003 ms MarkObjects: 1.843211 ms  DeleteObjects: 0.107496 ms)

========================================================================
Received Prepare
Registering precompiled user dll's ...
Registered in 0.000594 seconds.
Begin MonoManager ReloadAssembly
Native extension for OSXStandalone target not found
Refreshing native plugins compatible for Editor in 0.38 ms, found 2 plugins.
Preloading 0 native plugins for Editor in 0.00 ms.
Invoked RoslynAnalysisRunner static constructor.
RoslynAnalysisRunner will not be running.
RoslynAnalysisRunner has terminated.
Mono: successfully reloaded assembly
- Completed reload, in  0.809 seconds
Platform modules already initialized, skipping
Refreshing native plugins compatible for Editor in 0.34 ms, found 2 plugins.
Preloading 0 native plugins for Editor in 0.00 ms.
Unloading 1828 Unused Serialized files (Serialized files now loaded: 0)
System memory in use before: 339.4 MB.
System memory in use after: 339.5 MB.

Unloading 12 unused Assets to reduce memory usage. Loaded Objects now: 2374.
Total: 1.989384 ms (FindLiveObjects: 0.221137 ms CreateObjectMapping: 0.066392 ms MarkObjects: 1.604805 ms  DeleteObjects: 0.096187 ms)

========================================================================
Received Prepare
Registering precompiled user dll's ...
Registered in 0.000593 seconds.
Begin MonoManager ReloadAssembly
Native extension for OSXStandalone target not found
Refreshing native plugins compatible for Editor in 0.34 ms, found 2 plugins.
Preloading 0 native plugins for Editor in 0.00 ms.
Invoked RoslynAnalysisRunner static constructor.
RoslynAnalysisRunner will not be running.
RoslynAnalysisRunner has terminated.
Mono: successfully reloaded assembly
- Completed reload, in  0.809 seconds
Platform modules already initialized, skipping
Refreshing native plugins compatible for Editor in 0.42 ms, found 2 plugins.
Preloading 0 native plugins for Editor in 0.00 ms.
Unloading 1828 Unused Serialized files (Serialized files now loaded: 0)
System memory in use before: 340.4 MB.
System memory in use after: 340.4 MB.

Unloading 12 unused Assets to reduce memory usage. Loaded Objects now: 2377.
Total: 1.966173 ms (FindLiveObjects: 0.218975 ms CreateObjectMapping: 0.061642 ms MarkObjects: 1.583832 ms  DeleteObjects: 0.100184 ms)

========================================================================
Received Import Request.
  Time since last request: 516.230526 seconds.
  path: Assets/Prefabs/Map/Forest/LR/MapPiece_Forest_LR.prefab
  artifactKey: Guid(d0a0728b1fd244b69b66b93da5a3a2c6) Importer(815301076,1909f56bfc062723c751e8b465ee728b)
Start importing Assets/Prefabs/Map/Forest/LR/MapPiece_Forest_LR.prefab using Guid(d0a0728b1fd244b69b66b93da5a3a2c6) Importer(815301076,1909f56bfc062723c751e8b465ee728b)  -> (artifact id: 'ea0dd3cdfc933197e3a150bf881431c2') in 0.094460 seconds
  Import took 0.099521 seconds .

========================================================================
Received Import Request.
  Time since last request: 109.340316 seconds.
  path: Assets/Prefabs/Test/System/TestMapMaker.prefab
  artifactKey: Guid(6c5419725a2dc4bdbb643def0fa3293c) Importer(815301076,1909f56bfc062723c751e8b465ee728b)
Start importing Assets/Prefabs/Test/System/TestMapMaker.prefab using Guid(6c5419725a2dc4bdbb643def0fa3293c) Importer(815301076,1909f56bfc062723c751e8b465ee728b)  -> (artifact id: '74d5c4f398b865b349209148d98492bc') in 0.017053 seconds
  Import took 0.022909 seconds .

AssetImportWorkerClient::OnTransportError - code=2 error=End of file
